<?xml version="1.0" encoding="UTF-8"?>
<!-- Generated by org.testng.reporters.JUnitXMLReporter -->
<testsuite hostname="LAPTOP-I5P1U9F6" failures="2" tests="2" name="com.hrms.testscripts" time="13.028" errors="0" timestamp="1 Aug 2023 09:33:20 GMT">
  <testcase classname="com.hrms.testscripts.TC001_Log_in_out" name="tc001" time="6.022">
    <failure type="java.lang.StackOverflowError">
      <![CDATA[java.lang.StackOverflowError
	at java.base/java.util.Hashtable.get(Hashtable.java:381)
	at org.apache.log4j.Hierarchy.getLogger(Hierarchy.java:268)
	at org.apache.log4j.Hierarchy.getLogger(Hierarchy.java:242)
	at org.apache.log4j.LogManager.getLogger(LogManager.java:188)
	at org.apache.log4j.Logger.getLogger(Logger.java:104)
	at com.hrms.utility.Log.info(Log.java:9)
	at com.hrms.utility.Log.info(Log.java:11)
	at com.hrms.utility.Log.info(Log.java:11)
	at com.hrms.utility.Log.info(Log.java:11)
	at com.hrms.utility.Log.info(Log.java:11)
	at com.hrms.utility.Log.info(Log.java:11)
	at com.hrms.utility.Log.info(Log.java:11)
	at com.hrms.utility.Log.info(Log.java:11)
	at com.hrms.utility.Log.info(Log.java:11)
	at com.hrms.utility.Log.info(Log.java:11)
	at com.hrms.utility.Log.info(Log.java:11)
	at com.hrms.utility.Log.info(Log.java:11)
	at com.hrms.utility.Log.info(Log.java:11)
	at com.hrms.utility.Log.info(Log.java:11)
	at com.hrms.utility.Log.info(Log.java:11)
	at com.hrms.utility.Log.info(Log.java:11)
	at com.hrms.utility.Log.info(Log.java:11)
	at com.hrms.utility.Log.info(Log.java:11)
	at com.hrms.utility.Log.info(Log.java:11)
	at com.hrms.utility.Log.info(Log.java:11)
	at com.hrms.utility.Log.info(Log.java:11)
	at com.hrms.utility.Log.info(Log.java:11)
	at com.hrms.utility.Log.info(Log.java:11)
	at com.hrms.utility.Log.info(Log.java:11)
	at com.hrms.utility.Log.info(Log.java:11)
	at com.hrms.utility.Log.info(Log.java:11)
	at com.hrms.utility.Log.info(Log.java:11)
	at com.hrms.utility.Log.info(Log.java:11)
	at com.hrms.utility.Log.info(Log.java:11)
	at com.hrms.utility.Log.info(Log.java:11)
	at com.hrms.utility.Log.info(Log.java:11)
	at com.hrms.utility.Log.info(Log.java:11)
	at com.hrms.utility.Log.info(Log.java:11)
	at com.hrms.utility.Log.info(Log.java:11)
	at com.hrms.utility.Log.info(Log.java:11)
	at com.hrms.utility.Log.info(Log.java:11)
	at com.hrms.utility.Log.info(Log.java:11)
	at com.hrms.utility.Log.info(Log.java:11)
	at com.hrms.utility.Log.info(Log.java:11)
	at com.hrms.utility.Log.info(Log.java:11)
	at com.hrms.utility.Log.info(Log.java:11)
	at com.hrms.utility.Log.info(Log.java:11)
	at com.hrms.utility.Log.info(Log.java:11)
	at com.hrms.utility.Log.info(Log.java:11)
	at com.hrms.utility.Log.info(Log.java:11)
	at com.hrms.utility.Log.info(Log.java:11)
	at com.hrms.utility.Log.info(Log.java:11)
	at com.hrms.utility.Log.info(Log.java:11)
	at com.hrms.utility.Log.info(Log.java:11)
	at com.hrms.utility.Log.info(Log.java:11)
	at com.hrms.utility.Log.info(Log.java:11)
	at com.hrms.utility.Log.info(Log.java:11)
	at com.hrms.utility.Log.info(Log.java:11)
	at com.hrms.utility.Log.info(Log.java:11)
	at com.hrms.utility.Log.info(Log.java:11)
	at com.hrms.utility.Log.info(Log.java:11)
	at com.hrms.utility.Log.info(Log.java:11)
	at com.hrms.utility.Log.info(Log.java:11)
	at com.hrms.utility.Log.info(Log.java:11)
	at com.hrms.utility.Log.info(Log.java:11)
	at com.hrms.utility.Log.info(Log.java:11)
	at com.hrms.utility.Log.info(Log.java:11)
	at com.hrms.utility.Log.info(Log.java:11)
	at com.hrms.utility.Log.info(Log.java:11)
	at com.hrms.utility.Log.info(Log.java:11)
	at com.hrms.utility.Log.info(Log.java:11)
	at com.hrms.utility.Log.info(Log.java:11)
	at com.hrms.utility.Log.info(Log.java:11)
	at com.hrms.utility.Log.info(Log.java:11)
	at com.hrms.utility.Log.info(Log.java:11)
	at com.hrms.utility.Log.info(Log.java:11)
	at com.hrms.utility.Log.info(Log.java:11)
	at com.hrms.utility.Log.info(Log.java:11)
	at com.hrms.utility.Log.info(Log.java:11)
	at com.hrms.utility.Log.info(Log.java:11)
	at com.hrms.utility.Log.info(Log.java:11)
	at com.hrms.utility.Log.info(Log.java:11)
	at com.hrms.utility.Log.info(Log.java:11)
	at com.hrms.utility.Log.info(Log.java:11)
	at com.hrms.utility.Log.info(Log.java:11)
	at com.hrms.utility.Log.info(Log.java:11)
	at com.hrms.utility.Log.info(Log.java:11)
	at com.hrms.utility.Log.info(Log.java:11)
	at com.hrms.utility.Log.info(Log.java:11)
	at com.hrms.utility.Log.info(Log.java:11)
	at com.hrms.utility.Log.info(Log.java:11)
	at com.hrms.utility.Log.info(Log.java:11)
	at com.hrms.utility.Log.info(Log.java:11)
	at com.hrms.utility.Log.info(Log.java:11)
	at com.hrms.utility.Log.info(Log.java:11)
	at com.hrms.utility.Log.info(Log.java:11)
	at com.hrms.utility.Log.info(Log.java:11)
	at com.hrms.utility.Log.info(Log.java:11)
	at com.hrms.utility.Log.info(Log.java:11)
	at com.hrms.utility.Log.info(Log.java:11)
	at com.hrms.utility.Log.info(Log.java:11)
	at com.hrms.utility.Log.info(Log.java:11)
	at com.hrms.utility.Log.info(Log.java:11)
	at com.hrms.utility.Log.info(Log.java:11)
	at com.hrms.utility.Log.info(Log.java:11)
	at com.hrms.utility.Log.info(Log.java:11)
	at com.hrms.utility.Log.info(Log.java:11)
	at com.hrms.utility.Log.info(Log.java:11)
	at com.hrms.utility.Log.info(Log.java:11)
	at com.hrms.utility.Log.info(Log.java:11)
	at com.hrms.utility.Log.info(Log.java:11)
	at com.hrms.utility.Log.info(Log.java:11)
	at com.hrms.utility.Log.info(Log.java:11)
	at com.hrms.utility.Log.info(Log.java:11)
	at com.hrms.utility.Log.info(Log.java:11)
	at com.hrms.utility.Log.info(Log.java:11)
	at com.hrms.utility.Log.info(Log.java:11)
	at com.hrms.utility.Log.info(Log.java:11)
	at com.hrms.utility.Log.info(Log.java:11)
	at com.hrms.utility.Log.info(Log.java:11)
	at com.hrms.utility.Log.info(Log.java:11)
	at com.hrms.utility.Log.info(Log.java:11)
	at com.hrms.utility.Log.info(Log.java:11)
	at com.hrms.utility.Log.info(Log.java:11)
	at com.hrms.utility.Log.info(Log.java:11)
	at com.hrms.utility.Log.info(Log.java:11)
	at com.hrms.utility.Log.info(Log.java:11)
	at com.hrms.utility.Log.info(Log.java:11)
	at com.hrms.utility.Log.info(Log.java:11)
	at com.hrms.utility.Log.info(Log.java:11)
	at com.hrms.utility.Log.info(Log.java:11)
	at com.hrms.utility.Log.info(Log.java:11)
	at com.hrms.utility.Log.info(Log.java:11)
	at com.hrms.utility.Log.info(Log.java:11)
	at com.hrms.utility.Log.info(Log.java:11)
	at com.hrms.utility.Log.info(Log.java:11)
	at com.hrms.utility.Log.info(Log.java:11)
	at com.hrms.utility.Log.info(Log.java:11)
	at com.hrms.utility.Log.info(Log.java:11)
	at com.hrms.utility.Log.info(Log.java:11)
	at com.hrms.utility.Log.info(Log.java:11)
	at com.hrms.utility.Log.info(Log.java:11)
	at com.hrms.utility.Log.info(Log.java:11)
	at com.hrms.utility.Log.info(Log.java:11)
	at com.hrms.utility.Log.info(Log.java:11)
	at com.hrms.utility.Log.info(Log.java:11)
	at com.hrms.utility.Log.info(Log.java:11)
	at com.hrms.utility.Log.info(Log.java:11)
	at com.hrms.utility.Log.info(Log.java:11)
	at com.hrms.utility.Log.info(Log.java:11)
	at com.hrms.utility.Log.info(Log.java:11)
	at com.hrms.utility.Log.info(Log.java:11)
	at com.hrms.utility.Log.info(Log.java:11)
	at com.hrms.utility.Log.info(Log.java:11)
	at com.hrms.utility.Log.info(Log.java:11)
	at com.hrms.utility.Log.info(Log.java:11)
	at com.hrms.utility.Log.info(Log.java:11)
	at com.hrms.utility.Log.info(Log.java:11)
	at com.hrms.utility.Log.info(Log.java:11)
	at com.hrms.utility.Log.info(Log.java:11)
	at com.hrms.utility.Log.info(Log.java:11)
	at com.hrms.utility.Log.info(Log.java:11)
	at com.hrms.utility.Log.info(Log.java:11)
	at com.hrms.utility.Log.info(Log.java:11)
	at com.hrms.utility.Log.info(Log.java:11)
	at com.hrms.utility.Log.info(Log.java:11)
	at com.hrms.utility.Log.info(Log.java:11)
	at com.hrms.utility.Log.info(Log.java:11)
	at com.hrms.utility.Log.info(Log.java:11)
	at com.hrms.utility.Log.info(Log.java:11)
	at com.hrms.utility.Log.info(Log.java:11)
	at com.hrms.utility.Log.info(Log.java:11)
	at com.hrms.utility.Log.info(Log.java:11)
	at com.hrms.utility.Log.info(Log.java:11)
	at com.hrms.utility.Log.info(Log.java:11)
	at com.hrms.utility.Log.info(Log.java:11)
	at com.hrms.utility.Log.info(Log.java:11)
	at com.hrms.utility.Log.info(Log.java:11)
	at com.hrms.utility.Log.info(Log.java:11)
	at com.hrms.utility.Log.info(Log.java:11)
	at com.hrms.utility.Log.info(Log.java:11)
	at com.hrms.utility.Log.info(Log.java:11)
	at com.hrms.utility.Log.info(Log.java:11)
	at com.hrms.utility.Log.info(Log.java:11)
	at com.hrms.utility.Log.info(Log.java:11)
	at com.hrms.utility.Log.info(Log.java:11)
	at com.hrms.utility.Log.info(Log.java:11)
	at com.hrms.utility.Log.info(Log.java:11)
	at com.hrms.utility.Log.info(Log.java:11)
	at com.hrms.utility.Log.info(Log.java:11)
	at com.hrms.utility.Log.info(Log.java:11)
	at com.hrms.utility.Log.info(Log.java:11)
	at com.hrms.utility.Log.info(Log.java:11)
	at com.hrms.utility.Log.info(Log.java:11)
	at com.hrms.utility.Log.info(Log.java:11)
	at com.hrms.utility.Log.info(Log.java:11)
	at com.hrms.utility.Log.info(Log.java:11)
	at com.hrms.utility.Log.info(Log.java:11)
	at com.hrms.utility.Log.info(Log.java:11)
	at com.hrms.utility.Log.info(Log.java:11)
	at com.hrms.utility.Log.info(Log.java:11)
	at com.hrms.utility.Log.info(Log.java:11)
	at com.hrms.utility.Log.info(Log.java:11)
	at com.hrms.utility.Log.info(Log.java:11)
	at com.hrms.utility.Log.info(Log.java:11)
	at com.hrms.utility.Log.info(Log.java:11)
	at com.hrms.utility.Log.info(Log.java:11)
	at com.hrms.utility.Log.info(Log.java:11)
	at com.hrms.utility.Log.info(Log.java:11)
	at com.hrms.utility.Log.info(Log.java:11)
	at com.hrms.utility.Log.info(Log.java:11)
	at com.hrms.utility.Log.info(Log.java:11)
	at com.hrms.utility.Log.info(Log.java:11)
	at com.hrms.utility.Log.info(Log.java:11)
	at com.hrms.utility.Log.info(Log.java:11)
	at com.hrms.utility.Log.info(Log.java:11)
	at com.hrms.utility.Log.info(Log.java:11)
	at com.hrms.utility.Log.info(Log.java:11)
	at com.hrms.utility.Log.info(Log.java:11)
	at com.hrms.utility.Log.info(Log.java:11)
	at com.hrms.utility.Log.info(Log.java:11)
	at com.hrms.utility.Log.info(Log.java:11)
	at com.hrms.utility.Log.info(Log.java:11)
	at com.hrms.utility.Log.info(Log.java:11)
	at com.hrms.utility.Log.info(Log.java:11)
	at com.hrms.utility.Log.info(Log.java:11)
	at com.hrms.utility.Log.info(Log.java:11)
	at com.hrms.utility.Log.info(Log.java:11)
	at com.hrms.utility.Log.info(Log.java:11)
	at com.hrms.utility.Log.info(Log.java:11)
	at com.hrms.utility.Log.info(Log.java:11)
	at com.hrms.utility.Log.info(Log.java:11)
	at com.hrms.utility.Log.info(Log.java:11)
	at com.hrms.utility.Log.info(Log.java:11)
	at com.hrms.utility.Log.info(Log.java:11)
	at com.hrms.utility.Log.info(Log.java:11)
	at com.hrms.utility.Log.info(Log.java:11)
	at com.hrms.utility.Log.info(Log.java:11)
	at com.hrms.utility.Log.info(Log.java:11)
	at com.hrms.utility.Log.info(Log.java:11)
	at com.hrms.utility.Log.info(Log.java:11)
	at com.hrms.utility.Log.info(Log.java:11)
	at com.hrms.utility.Log.info(Log.java:11)
	at com.hrms.utility.Log.info(Log.java:11)
	at com.hrms.utility.Log.info(Log.java:11)
	at com.hrms.utility.Log.info(Log.java:11)
	at com.hrms.utility.Log.info(Log.java:11)
	at com.hrms.utility.Log.info(Log.java:11)
	at com.hrms.utility.Log.info(Log.java:11)
	at com.hrms.utility.Log.info(Log.java:11)
	at com.hrms.utility.Log.info(Log.java:11)
	at com.hrms.utility.Log.info(Log.java:11)
	at com.hrms.utility.Log.info(Log.java:11)
	at com.hrms.utility.Log.info(Log.java:11)
	at com.hrms.utility.Log.info(Log.java:11)
	at com.hrms.utility.Log.info(Log.java:11)
	at com.hrms.utility.Log.info(Log.java:11)
	at com.hrms.utility.Log.info(Log.java:11)
	at com.hrms.utility.Log.info(Log.java:11)
	at com.hrms.utility.Log.info(Log.java:11)
	at com.hrms.utility.Log.info(Log.java:11)
	at com.hrms.utility.Log.info(Log.java:11)
	at com.hrms.utility.Log.info(Log.java:11)
	at com.hrms.utility.Log.info(Log.java:11)
	at com.hrms.utility.Log.info(Log.java:11)
	at com.hrms.utility.Log.info(Log.java:11)
	at com.hrms.utility.Log.info(Log.java:11)
	at com.hrms.utility.Log.info(Log.java:11)
	at com.hrms.utility.Log.info(Log.java:11)
	at com.hrms.utility.Log.info(Log.java:11)
	at com.hrms.utility.Log.info(Log.java:11)
	at com.hrms.utility.Log.info(Log.java:11)
	at com.hrms.utility.Log.info(Log.java:11)
	at com.hrms.utility.Log.info(Log.java:11)
	at com.hrms.utility.Log.info(Log.java:11)
	at com.hrms.utility.Log.info(Log.java:11)
	at com.hrms.utility.Log.info(Log.java:11)
	at com.hrms.utility.Log.info(Log.java:11)
	at com.hrms.utility.Log.info(Log.java:11)
	at com.hrms.utility.Log.info(Log.java:11)
	at com.hrms.utility.Log.info(Log.java:11)
	at com.hrms.utility.Log.info(Log.java:11)
	at com.hrms.utility.Log.info(Log.java:11)
	at com.hrms.utility.Log.info(Log.java:11)
	at com.hrms.utility.Log.info(Log.java:11)
	at com.hrms.utility.Log.info(Log.java:11)
	at com.hrms.utility.Log.info(Log.java:11)
	at com.hrms.utility.Log.info(Log.java:11)
	at com.hrms.utility.Log.info(Log.java:11)
	at com.hrms.utility.Log.info(Log.java:11)
	at com.hrms.utility.Log.info(Log.java:11)
	at com.hrms.utility.Log.info(Log.java:11)
	at com.hrms.utility.Log.info(Log.java:11)
	at com.hrms.utility.Log.info(Log.java:11)
	at com.hrms.utility.Log.info(Log.java:11)
	at com.hrms.utility.Log.info(Log.java:11)
	at com.hrms.utility.Log.info(Log.java:11)
	at com.hrms.utility.Log.info(Log.java:11)
	at com.hrms.utility.Log.info(Log.java:11)
	at com.hrms.utility.Log.info(Log.java:11)
	at com.hrms.utility.Log.info(Log.java:11)
	at com.hrms.utility.Log.info(Log.java:11)
	at com.hrms.utility.Log.info(Log.java:11)
	at com.hrms.utility.Log.info(Log.java:11)
	at com.hrms.utility.Log.info(Log.java:11)
	at com.hrms.utility.Log.info(Log.java:11)
	at com.hrms.utility.Log.info(Log.java:11)
	at com.hrms.utility.Log.info(Log.java:11)
	at com.hrms.utility.Log.info(Log.java:11)
	at com.hrms.utility.Log.info(Log.java:11)
	at com.hrms.utility.Log.info(Log.java:11)
	at com.hrms.utility.Log.info(Log.java:11)
	at com.hrms.utility.Log.info(Log.java:11)
	at com.hrms.utility.Log.info(Log.java:11)
	at com.hrms.utility.Log.info(Log.java:11)
	at com.hrms.utility.Log.info(Log.java:11)
	at com.hrms.utility.Log.info(Log.java:11)
	at com.hrms.utility.Log.info(Log.java:11)
	at com.hrms.utility.Log.info(Log.java:11)
	at com.hrms.utility.Log.info(Log.java:11)
	at com.hrms.utility.Log.info(Log.java:11)
	at com.hrms.utility.Log.info(Log.java:11)
	at com.hrms.utility.Log.info(Log.java:11)
	at com.hrms.utility.Log.info(Log.java:11)
	at com.hrms.utility.Log.info(Log.java:11)
	at com.hrms.utility.Log.info(Log.java:11)
	at com.hrms.utility.Log.info(Log.java:11)
	at com.hrms.utility.Log.info(Log.java:11)
	at com.hrms.utility.Log.info(Log.java:11)
	at com.hrms.utility.Log.info(Log.java:11)
	at com.hrms.utility.Log.info(Log.java:11)
	at com.hrms.utility.Log.info(Log.java:11)
	at com.hrms.utility.Log.info(Log.java:11)
	at com.hrms.utility.Log.info(Log.java:11)
	at com.hrms.utility.Log.info(Log.java:11)
	at com.hrms.utility.Log.info(Log.java:11)
	at com.hrms.utility.Log.info(Log.java:11)
	at com.hrms.utility.Log.info(Log.java:11)
	at com.hrms.utility.Log.info(Log.java:11)
	at com.hrms.utility.Log.info(Log.java:11)
	at com.hrms.utility.Log.info(Log.java:11)
	at com.hrms.utility.Log.info(Log.java:11)
	at com.hrms.utility.Log.info(Log.java:11)
	at com.hrms.utility.Log.info(Log.java:11)
	at com.hrms.utility.Log.info(Log.java:11)
	at com.hrms.utility.Log.info(Log.java:11)
	at com.hrms.utility.Log.info(Log.java:11)
	at com.hrms.utility.Log.info(Log.java:11)
	at com.hrms.utility.Log.info(Log.java:11)
	at com.hrms.utility.Log.info(Log.java:11)
	at com.hrms.utility.Log.info(Log.java:11)
	at com.hrms.utility.Log.info(Log.java:11)
	at com.hrms.utility.Log.info(Log.java:11)
	at com.hrms.utility.Log.info(Log.java:11)
	at com.hrms.utility.Log.info(Log.java:11)
	at com.hrms.utility.Log.info(Log.java:11)
	at com.hrms.utility.Log.info(Log.java:11)
	at com.hrms.utility.Log.info(Log.java:11)
	at com.hrms.utility.Log.info(Log.java:11)
	at com.hrms.utility.Log.info(Log.java:11)
	at com.hrms.utility.Log.info(Log.java:11)
	at com.hrms.utility.Log.info(Log.java:11)
	at com.hrms.utility.Log.info(Log.java:11)
	at com.hrms.utility.Log.info(Log.java:11)
	at com.hrms.utility.Log.info(Log.java:11)
	at com.hrms.utility.Log.info(Log.java:11)
	at com.hrms.utility.Log.info(Log.java:11)
	at com.hrms.utility.Log.info(Log.java:11)
	at com.hrms.utility.Log.info(Log.java:11)
	at com.hrms.utility.Log.info(Log.java:11)
	at com.hrms.utility.Log.info(Log.java:11)
	at com.hrms.utility.Log.info(Log.java:11)
	at com.hrms.utility.Log.info(Log.java:11)
	at com.hrms.utility.Log.info(Log.java:11)
	at com.hrms.utility.Log.info(Log.java:11)
	at com.hrms.utility.Log.info(Log.java:11)
	at com.hrms.utility.Log.info(Log.java:11)
	at com.hrms.utility.Log.info(Log.java:11)
	at com.hrms.utility.Log.info(Log.java:11)
	at com.hrms.utility.Log.info(Log.java:11)
	at com.hrms.utility.Log.info(Log.java:11)
	at com.hrms.utility.Log.info(Log.java:11)
	at com.hrms.utility.Log.info(Log.java:11)
	at com.hrms.utility.Log.info(Log.java:11)
	at com.hrms.utility.Log.info(Log.java:11)
	at com.hrms.utility.Log.info(Log.java:11)
	at com.hrms.utility.Log.info(Log.java:11)
	at com.hrms.utility.Log.info(Log.java:11)
	at com.hrms.utility.Log.info(Log.java:11)
	at com.hrms.utility.Log.info(Log.java:11)
	at com.hrms.utility.Log.info(Log.java:11)
	at com.hrms.utility.Log.info(Log.java:11)
	at com.hrms.utility.Log.info(Log.java:11)
	at com.hrms.utility.Log.info(Log.java:11)
	at com.hrms.utility.Log.info(Log.java:11)
	at com.hrms.utility.Log.info(Log.java:11)
	at com.hrms.utility.Log.info(Log.java:11)
	at com.hrms.utility.Log.info(Log.java:11)
	at com.hrms.utility.Log.info(Log.java:11)
	at com.hrms.utility.Log.info(Log.java:11)
	at com.hrms.utility.Log.info(Log.java:11)
	at com.hrms.utility.Log.info(Log.java:11)
	at com.hrms.utility.Log.info(Log.java:11)
	at com.hrms.utility.Log.info(Log.java:11)
	at com.hrms.utility.Log.info(Log.java:11)
	at com.hrms.utility.Log.info(Log.java:11)
	at com.hrms.utility.Log.info(Log.java:11)
	at com.hrms.utility.Log.info(Log.java:11)
	at com.hrms.utility.Log.info(Log.java:11)
	at com.hrms.utility.Log.info(Log.java:11)
	at com.hrms.utility.Log.info(Log.java:11)
	at com.hrms.utility.Log.info(Log.java:11)
	at com.hrms.utility.Log.info(Log.java:11)
	at com.hrms.utility.Log.info(Log.java:11)
	at com.hrms.utility.Log.info(Log.java:11)
	at com.hrms.utility.Log.info(Log.java:11)
	at com.hrms.utility.Log.info(Log.java:11)
	at com.hrms.utility.Log.info(Log.java:11)
	at com.hrms.utility.Log.info(Log.java:11)
	at com.hrms.utility.Log.info(Log.java:11)
	at com.hrms.utility.Log.info(Log.java:11)
	at com.hrms.utility.Log.info(Log.java:11)
	at com.hrms.utility.Log.info(Log.java:11)
	at com.hrms.utility.Log.info(Log.java:11)
	at com.hrms.utility.Log.info(Log.java:11)
	at com.hrms.utility.Log.info(Log.java:11)
	at com.hrms.utility.Log.info(Log.java:11)
	at com.hrms.utility.Log.info(Log.java:11)
	at com.hrms.utility.Log.info(Log.java:11)
	at com.hrms.utility.Log.info(Log.java:11)
	at com.hrms.utility.Log.info(Log.java:11)
	at com.hrms.utility.Log.info(Log.java:11)
	at com.hrms.utility.Log.info(Log.java:11)
	at com.hrms.utility.Log.info(Log.java:11)
	at com.hrms.utility.Log.info(Log.java:11)
	at com.hrms.utility.Log.info(Log.java:11)
	at com.hrms.utility.Log.info(Log.java:11)
	at com.hrms.utility.Log.info(Log.java:11)
	at com.hrms.utility.Log.info(Log.java:11)
	at com.hrms.utility.Log.info(Log.java:11)
	at com.hrms.utility.Log.info(Log.java:11)
	at com.hrms.utility.Log.info(Log.java:11)
	at com.hrms.utility.Log.info(Log.java:11)
	at com.hrms.utility.Log.info(Log.java:11)
	at com.hrms.utility.Log.info(Log.java:11)
	at com.hrms.utility.Log.info(Log.java:11)
	at com.hrms.utility.Log.info(Log.java:11)
	at com.hrms.utility.Log.info(Log.java:11)
	at com.hrms.utility.Log.info(Log.java:11)
	at com.hrms.utility.Log.info(Log.java:11)
	at com.hrms.utility.Log.info(Log.java:11)
	at com.hrms.utility.Log.info(Log.java:11)
	at com.hrms.utility.Log.info(Log.java:11)
	at com.hrms.utility.Log.info(Log.java:11)
	at com.hrms.utility.Log.info(Log.java:11)
	at com.hrms.utility.Log.info(Log.java:11)
	at com.hrms.utility.Log.info(Log.java:11)
	at com.hrms.utility.Log.info(Log.java:11)
	at com.hrms.utility.Log.info(Log.java:11)
	at com.hrms.utility.Log.info(Log.java:11)
	at com.hrms.utility.Log.info(Log.java:11)
	at com.hrms.utility.Log.info(Log.java:11)
	at com.hrms.utility.Log.info(Log.java:11)
	at com.hrms.utility.Log.info(Log.java:11)
	at com.hrms.utility.Log.info(Log.java:11)
	at com.hrms.utility.Log.info(Log.java:11)
	at com.hrms.utility.Log.info(Log.java:11)
	at com.hrms.utility.Log.info(Log.java:11)
	at com.hrms.utility.Log.info(Log.java:11)
	at com.hrms.utility.Log.info(Log.java:11)
	at com.hrms.utility.Log.info(Log.java:11)
	at com.hrms.utility.Log.info(Log.java:11)
	at com.hrms.utility.Log.info(Log.java:11)
	at com.hrms.utility.Log.info(Log.java:11)
	at com.hrms.utility.Log.info(Log.java:11)
	at com.hrms.utility.Log.info(Log.java:11)
	at com.hrms.utility.Log.info(Log.java:11)
	at com.hrms.utility.Log.info(Log.java:11)
	at com.hrms.utility.Log.info(Log.java:11)
	at com.hrms.utility.Log.info(Log.java:11)
	at com.hrms.utility.Log.info(Log.java:11)
	at com.hrms.utility.Log.info(Log.java:11)
	at com.hrms.utility.Log.info(Log.java:11)
	at com.hrms.utility.Log.info(Log.java:11)
	at com.hrms.utility.Log.info(Log.java:11)
	at com.hrms.utility.Log.info(Log.java:11)
	at com.hrms.utility.Log.info(Log.java:11)
	at com.hrms.utility.Log.info(Log.java:11)
	at com.hrms.utility.Log.info(Log.java:11)
	at com.hrms.utility.Log.info(Log.java:11)
	at com.hrms.utility.Log.info(Log.java:11)
	at com.hrms.utility.Log.info(Log.java:11)
	at com.hrms.utility.Log.info(Log.java:11)
	at com.hrms.utility.Log.info(Log.java:11)
	at com.hrms.utility.Log.info(Log.java:11)
	at com.hrms.utility.Log.info(Log.java:11)
	at com.hrms.utility.Log.info(Log.java:11)
	at com.hrms.utility.Log.info(Log.java:11)
	at com.hrms.utility.Log.info(Log.java:11)
	at com.hrms.utility.Log.info(Log.java:11)
	at com.hrms.utility.Log.info(Log.java:11)
	at com.hrms.utility.Log.info(Log.java:11)
	at com.hrms.utility.Log.info(Log.java:11)
	at com.hrms.utility.Log.info(Log.java:11)
	at com.hrms.utility.Log.info(Log.java:11)
	at com.hrms.utility.Log.info(Log.java:11)
	at com.hrms.utility.Log.info(Log.java:11)
	at com.hrms.utility.Log.info(Log.java:11)
	at com.hrms.utility.Log.info(Log.java:11)
	at com.hrms.utility.Log.info(Log.java:11)
	at com.hrms.utility.Log.info(Log.java:11)
	at com.hrms.utility.Log.info(Log.java:11)
	at com.hrms.utility.Log.info(Log.java:11)
	at com.hrms.utility.Log.info(Log.java:11)
	at com.hrms.utility.Log.info(Log.java:11)
	at com.hrms.utility.Log.info(Log.java:11)
	at com.hrms.utility.Log.info(Log.java:11)
	at com.hrms.utility.Log.info(Log.java:11)
	at com.hrms.utility.Log.info(Log.java:11)
	at com.hrms.utility.Log.info(Log.java:11)
	at com.hrms.utility.Log.info(Log.java:11)
	at com.hrms.utility.Log.info(Log.java:11)
	at com.hrms.utility.Log.info(Log.java:11)
	at com.hrms.utility.Log.info(Log.java:11)
	at com.hrms.utility.Log.info(Log.java:11)
	at com.hrms.utility.Log.info(Log.java:11)
	at com.hrms.utility.Log.info(Log.java:11)
	at com.hrms.utility.Log.info(Log.java:11)
	at com.hrms.utility.Log.info(Log.java:11)
	at com.hrms.utility.Log.info(Log.java:11)
	at com.hrms.utility.Log.info(Log.java:11)
	at com.hrms.utility.Log.info(Log.java:11)
	at com.hrms.utility.Log.info(Log.java:11)
	at com.hrms.utility.Log.info(Log.java:11)
	at com.hrms.utility.Log.info(Log.java:11)
	at com.hrms.utility.Log.info(Log.java:11)
	at com.hrms.utility.Log.info(Log.java:11)
	at com.hrms.utility.Log.info(Log.java:11)
	at com.hrms.utility.Log.info(Log.java:11)
	at com.hrms.utility.Log.info(Log.java:11)
	at com.hrms.utility.Log.info(Log.java:11)
	at com.hrms.utility.Log.info(Log.java:11)
	at com.hrms.utility.Log.info(Log.java:11)
	at com.hrms.utility.Log.info(Log.java:11)
	at com.hrms.utility.Log.info(Log.java:11)
	at com.hrms.utility.Log.info(Log.java:11)
	at com.hrms.utility.Log.info(Log.java:11)
	at com.hrms.utility.Log.info(Log.java:11)
	at com.hrms.utility.Log.info(Log.java:11)
	at com.hrms.utility.Log.info(Log.java:11)
	at com.hrms.utility.Log.info(Log.java:11)
	at com.hrms.utility.Log.info(Log.java:11)
	at com.hrms.utility.Log.info(Log.java:11)
	at com.hrms.utility.Log.info(Log.java:11)
	at com.hrms.utility.Log.info(Log.java:11)
	at com.hrms.utility.Log.info(Log.java:11)
	at com.hrms.utility.Log.info(Log.java:11)
	at com.hrms.utility.Log.info(Log.java:11)
	at com.hrms.utility.Log.info(Log.java:11)
	at com.hrms.utility.Log.info(Log.java:11)
	at com.hrms.utility.Log.info(Log.java:11)
	at com.hrms.utility.Log.info(Log.java:11)
	at com.hrms.utility.Log.info(Log.java:11)
	at com.hrms.utility.Log.info(Log.java:11)
	at com.hrms.utility.Log.info(Log.java:11)
	at com.hrms.utility.Log.info(Log.java:11)
	at com.hrms.utility.Log.info(Log.java:11)
	at com.hrms.utility.Log.info(Log.java:11)
	at com.hrms.utility.Log.info(Log.java:11)
	at com.hrms.utility.Log.info(Log.java:11)
	at com.hrms.utility.Log.info(Log.java:11)
	at com.hrms.utility.Log.info(Log.java:11)
	at com.hrms.utility.Log.info(Log.java:11)
	at com.hrms.utility.Log.info(Log.java:11)
	at com.hrms.utility.Log.info(Log.java:11)
	at com.hrms.utility.Log.info(Log.java:11)
	at com.hrms.utility.Log.info(Log.java:11)
	at com.hrms.utility.Log.info(Log.java:11)
	at com.hrms.utility.Log.info(Log.java:11)
	at com.hrms.utility.Log.info(Log.java:11)
	at com.hrms.utility.Log.info(Log.java:11)
	at com.hrms.utility.Log.info(Log.java:11)
	at com.hrms.utility.Log.info(Log.java:11)
	at com.hrms.utility.Log.info(Log.java:11)
	at com.hrms.utility.Log.info(Log.java:11)
	at com.hrms.utility.Log.info(Log.java:11)
	at com.hrms.utility.Log.info(Log.java:11)
	at com.hrms.utility.Log.info(Log.java:11)
	at com.hrms.utility.Log.info(Log.java:11)
	at com.hrms.utility.Log.info(Log.java:11)
	at com.hrms.utility.Log.info(Log.java:11)
	at com.hrms.utility.Log.info(Log.java:11)
	at com.hrms.utility.Log.info(Log.java:11)
	at com.hrms.utility.Log.info(Log.java:11)
	at com.hrms.utility.Log.info(Log.java:11)
	at com.hrms.utility.Log.info(Log.java:11)
	at com.hrms.utility.Log.info(Log.java:11)
	at com.hrms.utility.Log.info(Log.java:11)
	at com.hrms.utility.Log.info(Log.java:11)
	at com.hrms.utility.Log.info(Log.java:11)
	at com.hrms.utility.Log.info(Log.java:11)
	at com.hrms.utility.Log.info(Log.java:11)
	at com.hrms.utility.Log.info(Log.java:11)
	at com.hrms.utility.Log.info(Log.java:11)
	at com.hrms.utility.Log.info(Log.java:11)
	at com.hrms.utility.Log.info(Log.java:11)
	at com.hrms.utility.Log.info(Log.java:11)
	at com.hrms.utility.Log.info(Log.java:11)
	at com.hrms.utility.Log.info(Log.java:11)
	at com.hrms.utility.Log.info(Log.java:11)
	at com.hrms.utility.Log.info(Log.java:11)
	at com.hrms.utility.Log.info(Log.java:11)
	at com.hrms.utility.Log.info(Log.java:11)
	at com.hrms.utility.Log.info(Log.java:11)
	at com.hrms.utility.Log.info(Log.java:11)
	at com.hrms.utility.Log.info(Log.java:11)
	at com.hrms.utility.Log.info(Log.java:11)
	at com.hrms.utility.Log.info(Log.java:11)
	at com.hrms.utility.Log.info(Log.java:11)
	at com.hrms.utility.Log.info(Log.java:11)
	at com.hrms.utility.Log.info(Log.java:11)
	at com.hrms.utility.Log.info(Log.java:11)
	at com.hrms.utility.Log.info(Log.java:11)
	at com.hrms.utility.Log.info(Log.java:11)
	at com.hrms.utility.Log.info(Log.java:11)
	at com.hrms.utility.Log.info(Log.java:11)
	at com.hrms.utility.Log.info(Log.java:11)
	at com.hrms.utility.Log.info(Log.java:11)
	at com.hrms.utility.Log.info(Log.java:11)
	at com.hrms.utility.Log.info(Log.java:11)
	at com.hrms.utility.Log.info(Log.java:11)
	at com.hrms.utility.Log.info(Log.java:11)
	at com.hrms.utility.Log.info(Log.java:11)
	at com.hrms.utility.Log.info(Log.java:11)
	at com.hrms.utility.Log.info(Log.java:11)
	at com.hrms.utility.Log.info(Log.java:11)
	at com.hrms.utility.Log.info(Log.java:11)
	at com.hrms.utility.Log.info(Log.java:11)
	at com.hrms.utility.Log.info(Log.java:11)
	at com.hrms.utility.Log.info(Log.java:11)
	at com.hrms.utility.Log.info(Log.java:11)
	at com.hrms.utility.Log.info(Log.java:11)
	at com.hrms.utility.Log.info(Log.java:11)
	at com.hrms.utility.Log.info(Log.java:11)
	at com.hrms.utility.Log.info(Log.java:11)
	at com.hrms.utility.Log.info(Log.java:11)
	at com.hrms.utility.Log.info(Log.java:11)
	at com.hrms.utility.Log.info(Log.java:11)
	at com.hrms.utility.Log.info(Log.java:11)
	at com.hrms.utility.Log.info(Log.java:11)
	at com.hrms.utility.Log.info(Log.java:11)
	at com.hrms.utility.Log.info(Log.java:11)
	at com.hrms.utility.Log.info(Log.java:11)
	at com.hrms.utility.Log.info(Log.java:11)
	at com.hrms.utility.Log.info(Log.java:11)
	at com.hrms.utility.Log.info(Log.java:11)
	at com.hrms.utility.Log.info(Log.java:11)
	at com.hrms.utility.Log.info(Log.java:11)
	at com.hrms.utility.Log.info(Log.java:11)
	at com.hrms.utility.Log.info(Log.java:11)
	at com.hrms.utility.Log.info(Log.java:11)
	at com.hrms.utility.Log.info(Log.java:11)
	at com.hrms.utility.Log.info(Log.java:11)
	at com.hrms.utility.Log.info(Log.java:11)
	at com.hrms.utility.Log.info(Log.java:11)
	at com.hrms.utility.Log.info(Log.java:11)
	at com.hrms.utility.Log.info(Log.java:11)
	at com.hrms.utility.Log.info(Log.java:11)
	at com.hrms.utility.Log.info(Log.java:11)
	at com.hrms.utility.Log.info(Log.java:11)
	at com.hrms.utility.Log.info(Log.java:11)
	at com.hrms.utility.Log.info(Log.java:11)
	at com.hrms.utility.Log.info(Log.java:11)
	at com.hrms.utility.Log.info(Log.java:11)
	at com.hrms.utility.Log.info(Log.java:11)
	at com.hrms.utility.Log.info(Log.java:11)
	at com.hrms.utility.Log.info(Log.java:11)
	at com.hrms.utility.Log.info(Log.java:11)
	at com.hrms.utility.Log.info(Log.java:11)
	at com.hrms.utility.Log.info(Log.java:11)
	at com.hrms.utility.Log.info(Log.java:11)
	at com.hrms.utility.Log.info(Log.java:11)
	at com.hrms.utility.Log.info(Log.java:11)
	at com.hrms.utility.Log.info(Log.java:11)
	at com.hrms.utility.Log.info(Log.java:11)
	at com.hrms.utility.Log.info(Log.java:11)
	at com.hrms.utility.Log.info(Log.java:11)
	at com.hrms.utility.Log.info(Log.java:11)
	at com.hrms.utility.Log.info(Log.java:11)
	at com.hrms.utility.Log.info(Log.java:11)
	at com.hrms.utility.Log.info(Log.java:11)
	at com.hrms.utility.Log.info(Log.java:11)
	at com.hrms.utility.Log.info(Log.java:11)
	at com.hrms.utility.Log.info(Log.java:11)
	at com.hrms.utility.Log.info(Log.java:11)
	at com.hrms.utility.Log.info(Log.java:11)
	at com.hrms.utility.Log.info(Log.java:11)
	at com.hrms.utility.Log.info(Log.java:11)
	at com.hrms.utility.Log.info(Log.java:11)
	at com.hrms.utility.Log.info(Log.java:11)
	at com.hrms.utility.Log.info(Log.java:11)
	at com.hrms.utility.Log.info(Log.java:11)
	at com.hrms.utility.Log.info(Log.java:11)
	at com.hrms.utility.Log.info(Log.java:11)
	at com.hrms.utility.Log.info(Log.java:11)
	at com.hrms.utility.Log.info(Log.java:11)
	at com.hrms.utility.Log.info(Log.java:11)
	at com.hrms.utility.Log.info(Log.java:11)
	at com.hrms.utility.Log.info(Log.java:11)
	at com.hrms.utility.Log.info(Log.java:11)
	at com.hrms.utility.Log.info(Log.java:11)
	at com.hrms.utility.Log.info(Log.java:11)
	at com.hrms.utility.Log.info(Log.java:11)
	at com.hrms.utility.Log.info(Log.java:11)
	at com.hrms.utility.Log.info(Log.java:11)
	at com.hrms.utility.Log.info(Log.java:11)
	at com.hrms.utility.Log.info(Log.java:11)
	at com.hrms.utility.Log.info(Log.java:11)
	at com.hrms.utility.Log.info(Log.java:11)
	at com.hrms.utility.Log.info(Log.java:11)
	at com.hrms.utility.Log.info(Log.java:11)
	at com.hrms.utility.Log.info(Log.java:11)
	at com.hrms.utility.Log.info(Log.java:11)
	at com.hrms.utility.Log.info(Log.java:11)
	at com.hrms.utility.Log.info(Log.java:11)
	at com.hrms.utility.Log.info(Log.java:11)
	at com.hrms.utility.Log.info(Log.java:11)
	at com.hrms.utility.Log.info(Log.java:11)
	at com.hrms.utility.Log.info(Log.java:11)
	at com.hrms.utility.Log.info(Log.java:11)
	at com.hrms.utility.Log.info(Log.java:11)
	at com.hrms.utility.Log.info(Log.java:11)
	at com.hrms.utility.Log.info(Log.java:11)
	at com.hrms.utility.Log.info(Log.java:11)
	at com.hrms.utility.Log.info(Log.java:11)
	at com.hrms.utility.Log.info(Log.java:11)
	at com.hrms.utility.Log.info(Log.java:11)
	at com.hrms.utility.Log.info(Log.java:11)
	at com.hrms.utility.Log.info(Log.java:11)
	at com.hrms.utility.Log.info(Log.java:11)
	at com.hrms.utility.Log.info(Log.java:11)
	at com.hrms.utility.Log.info(Log.java:11)
	at com.hrms.utility.Log.info(Log.java:11)
	at com.hrms.utility.Log.info(Log.java:11)
	at com.hrms.utility.Log.info(Log.java:11)
	at com.hrms.utility.Log.info(Log.java:11)
	at com.hrms.utility.Log.info(Log.java:11)
	at com.hrms.utility.Log.info(Log.java:11)
	at com.hrms.utility.Log.info(Log.java:11)
	at com.hrms.utility.Log.info(Log.java:11)
	at com.hrms.utility.Log.info(Log.java:11)
	at com.hrms.utility.Log.info(Log.java:11)
	at com.hrms.utility.Log.info(Log.java:11)
	at com.hrms.utility.Log.info(Log.java:11)
	at com.hrms.utility.Log.info(Log.java:11)
	at com.hrms.utility.Log.info(Log.java:11)
	at com.hrms.utility.Log.info(Log.java:11)
	at com.hrms.utility.Log.info(Log.java:11)
	at com.hrms.utility.Log.info(Log.java:11)
	at com.hrms.utility.Log.info(Log.java:11)
	at com.hrms.utility.Log.info(Log.java:11)
	at com.hrms.utility.Log.info(Log.java:11)
	at com.hrms.utility.Log.info(Log.java:11)
	at com.hrms.utility.Log.info(Log.java:11)
	at com.hrms.utility.Log.info(Log.java:11)
	at com.hrms.utility.Log.info(Log.java:11)
	at com.hrms.utility.Log.info(Log.java:11)
	at com.hrms.utility.Log.info(Log.java:11)
	at com.hrms.utility.Log.info(Log.java:11)
	at com.hrms.utility.Log.info(Log.java:11)
	at com.hrms.utility.Log.info(Log.java:11)
	at com.hrms.utility.Log.info(Log.java:11)
	at com.hrms.utility.Log.info(Log.java:11)
	at com.hrms.utility.Log.info(Log.java:11)
	at com.hrms.utility.Log.info(Log.java:11)
	at com.hrms.utility.Log.info(Log.java:11)
	at com.hrms.utility.Log.info(Log.java:11)
	at com.hrms.utility.Log.info(Log.java:11)
	at com.hrms.utility.Log.info(Log.java:11)
	at com.hrms.utility.Log.info(Log.java:11)
	at com.hrms.utility.Log.info(Log.java:11)
	at com.hrms.utility.Log.info(Log.java:11)
	at com.hrms.utility.Log.info(Log.java:11)
	at com.hrms.utility.Log.info(Log.java:11)
	at com.hrms.utility.Log.info(Log.java:11)
	at com.hrms.utility.Log.info(Log.java:11)
	at com.hrms.utility.Log.info(Log.java:11)
	at com.hrms.utility.Log.info(Log.java:11)
	at com.hrms.utility.Log.info(Log.java:11)
	at com.hrms.utility.Log.info(Log.java:11)
	at com.hrms.utility.Log.info(Log.java:11)
	at com.hrms.utility.Log.info(Log.java:11)
	at com.hrms.utility.Log.info(Log.java:11)
	at com.hrms.utility.Log.info(Log.java:11)
	at com.hrms.utility.Log.info(Log.java:11)
	at com.hrms.utility.Log.info(Log.java:11)
	at com.hrms.utility.Log.info(Log.java:11)
	at com.hrms.utility.Log.info(Log.java:11)
	at com.hrms.utility.Log.info(Log.java:11)
	at com.hrms.utility.Log.info(Log.java:11)
	at com.hrms.utility.Log.info(Log.java:11)
	at com.hrms.utility.Log.info(Log.java:11)
	at com.hrms.utility.Log.info(Log.java:11)
	at com.hrms.utility.Log.info(Log.java:11)
	at com.hrms.utility.Log.info(Log.java:11)
	at com.hrms.utility.Log.info(Log.java:11)
	at com.hrms.utility.Log.info(Log.java:11)
	at com.hrms.utility.Log.info(Log.java:11)
	at com.hrms.utility.Log.info(Log.java:11)
	at com.hrms.utility.Log.info(Log.java:11)
	at com.hrms.utility.Log.info(Log.java:11)
	at com.hrms.utility.Log.info(Log.java:11)
	at com.hrms.utility.Log.info(Log.java:11)
	at com.hrms.utility.Log.info(Log.java:11)
	at com.hrms.utility.Log.info(Log.java:11)
	at com.hrms.utility.Log.info(Log.java:11)
	at com.hrms.utility.Log.info(Log.java:11)
	at com.hrms.utility.Log.info(Log.java:11)
	at com.hrms.utility.Log.info(Log.java:11)
	at com.hrms.utility.Log.info(Log.java:11)
	at com.hrms.utility.Log.info(Log.java:11)
	at com.hrms.utility.Log.info(Log.java:11)
	at com.hrms.utility.Log.info(Log.java:11)
	at com.hrms.utility.Log.info(Log.java:11)
	at com.hrms.utility.Log.info(Log.java:11)
	at com.hrms.utility.Log.info(Log.java:11)
	at com.hrms.utility.Log.info(Log.java:11)
	at com.hrms.utility.Log.info(Log.java:11)
	at com.hrms.utility.Log.info(Log.java:11)
	at com.hrms.utility.Log.info(Log.java:11)
	at com.hrms.utility.Log.info(Log.java:11)
	at com.hrms.utility.Log.info(Log.java:11)
	at com.hrms.utility.Log.info(Log.java:11)
	at com.hrms.utility.Log.info(Log.java:11)
	at com.hrms.utility.Log.info(Log.java:11)
	at com.hrms.utility.Log.info(Log.java:11)
	at com.hrms.utility.Log.info(Log.java:11)
	at com.hrms.utility.Log.info(Log.java:11)
	at com.hrms.utility.Log.info(Log.java:11)
	at com.hrms.utility.Log.info(Log.java:11)
	at com.hrms.utility.Log.info(Log.java:11)
	at com.hrms.utility.Log.info(Log.java:11)
	at com.hrms.utility.Log.info(Log.java:11)
	at com.hrms.utility.Log.info(Log.java:11)
	at com.hrms.utility.Log.info(Log.java:11)
	at com.hrms.utility.Log.info(Log.java:11)
	at com.hrms.utility.Log.info(Log.java:11)
	at com.hrms.utility.Log.info(Log.java:11)
	at com.hrms.utility.Log.info(Log.java:11)
	at com.hrms.utility.Log.info(Log.java:11)
	at com.hrms.utility.Log.info(Log.java:11)
	at com.hrms.utility.Log.info(Log.java:11)
	at com.hrms.utility.Log.info(Log.java:11)
	at com.hrms.utility.Log.info(Log.java:11)
	at com.hrms.utility.Log.info(Log.java:11)
	at com.hrms.utility.Log.info(Log.java:11)
	at com.hrms.utility.Log.info(Log.java:11)
	at com.hrms.utility.Log.info(Log.java:11)
	at com.hrms.utility.Log.info(Log.java:11)
	at com.hrms.utility.Log.info(Log.java:11)
	at com.hrms.utility.Log.info(Log.java:11)
	at com.hrms.utility.Log.info(Log.java:11)
	at com.hrms.utility.Log.info(Log.java:11)
	at com.hrms.utility.Log.info(Log.java:11)
	at com.hrms.utility.Log.info(Log.java:11)
	at com.hrms.utility.Log.info(Log.java:11)
	at com.hrms.utility.Log.info(Log.java:11)
	at com.hrms.utility.Log.info(Log.java:11)
	at com.hrms.utility.Log.info(Log.java:11)
	at com.hrms.utility.Log.info(Log.java:11)
	at com.hrms.utility.Log.info(Log.java:11)
	at com.hrms.utility.Log.info(Log.java:11)
	at com.hrms.utility.Log.info(Log.java:11)
	at com.hrms.utility.Log.info(Log.java:11)
	at com.hrms.utility.Log.info(Log.java:11)
	at com.hrms.utility.Log.info(Log.java:11)
	at com.hrms.utility.Log.info(Log.java:11)
	at com.hrms.utility.Log.info(Log.java:11)
	at com.hrms.utility.Log.info(Log.java:11)
	at com.hrms.utility.Log.info(Log.java:11)
	at com.hrms.utility.Log.info(Log.java:11)
	at com.hrms.utility.Log.info(Log.java:11)
	at com.hrms.utility.Log.info(Log.java:11)
	at com.hrms.utility.Log.info(Log.java:11)
	at com.hrms.utility.Log.info(Log.java:11)
	at com.hrms.utility.Log.info(Log.java:11)
	at com.hrms.utility.Log.info(Log.java:11)
	at com.hrms.utility.Log.info(Log.java:11)
	at com.hrms.utility.Log.info(Log.java:11)
	at com.hrms.utility.Log.info(Log.java:11)
	at com.hrms.utility.Log.info(Log.java:11)
	at com.hrms.utility.Log.info(Log.java:11)
	at com.hrms.utility.Log.info(Log.java:11)
	at com.hrms.utility.Log.info(Log.java:11)
	at com.hrms.utility.Log.info(Log.java:11)
	at com.hrms.utility.Log.info(Log.java:11)
	at com.hrms.utility.Log.info(Log.java:11)
	at com.hrms.utility.Log.info(Log.java:11)
	at com.hrms.utility.Log.info(Log.java:11)
	at com.hrms.utility.Log.info(Log.java:11)
	at com.hrms.utility.Log.info(Log.java:11)
	at com.hrms.utility.Log.info(Log.java:11)
	at com.hrms.utility.Log.info(Log.java:11)
	at com.hrms.utility.Log.info(Log.java:11)
	at com.hrms.utility.Log.info(Log.java:11)
	at com.hrms.utility.Log.info(Log.java:11)
	at com.hrms.utility.Log.info(Log.java:11)
	at com.hrms.utility.Log.info(Log.java:11)
	at com.hrms.utility.Log.info(Log.java:11)
	at com.hrms.utility.Log.info(Log.java:11)
	at com.hrms.utility.Log.info(Log.java:11)
	at com.hrms.utility.Log.info(Log.java:11)
	at com.hrms.utility.Log.info(Log.java:11)
	at com.hrms.utility.Log.info(Log.java:11)
	at com.hrms.utility.Log.info(Log.java:11)
	at com.hrms.utility.Log.info(Log.java:11)
	at com.hrms.utility.Log.info(Log.java:11)
	at com.hrms.utility.Log.info(Log.java:11)
	at com.hrms.utility.Log.info(Log.java:11)
	at com.hrms.utility.Log.info(Log.java:11)
	at com.hrms.utility.Log.info(Log.java:11)
	at com.hrms.utility.Log.info(Log.java:11)
	at com.hrms.utility.Log.info(Log.java:11)
	at com.hrms.utility.Log.info(Log.java:11)
	at com.hrms.utility.Log.info(Log.java:11)
	at com.hrms.utility.Log.info(Log.java:11)
	at com.hrms.utility.Log.info(Log.java:11)
	at com.hrms.utility.Log.info(Log.java:11)
	at com.hrms.utility.Log.info(Log.java:11)
	at com.hrms.utility.Log.info(Log.java:11)
	at com.hrms.utility.Log.info(Log.java:11)
	at com.hrms.utility.Log.info(Log.java:11)
	at com.hrms.utility.Log.info(Log.java:11)
	at com.hrms.utility.Log.info(Log.java:11)
	at com.hrms.utility.Log.info(Log.java:11)
	at com.hrms.utility.Log.info(Log.java:11)
	at com.hrms.utility.Log.info(Log.java:11)
	at com.hrms.utility.Log.info(Log.java:11)
	at com.hrms.utility.Log.info(Log.java:11)
	at com.hrms.utility.Log.info(Log.java:11)
	at com.hrms.utility.Log.info(Log.java:11)
	at com.hrms.utility.Log.info(Log.java:11)
	at com.hrms.utility.Log.info(Log.java:11)
	at com.hrms.utility.Log.info(Log.java:11)
	at com.hrms.utility.Log.info(Log.java:11)
	at com.hrms.utility.Log.info(Log.java:11)
	at com.hrms.utility.Log.info(Log.java:11)
	at com.hrms.utility.Log.info(Log.java:11)
	at com.hrms.utility.Log.info(Log.java:11)
	at com.hrms.utility.Log.info(Log.java:11)
	at com.hrms.utility.Log.info(Log.java:11)
	at com.hrms.utility.Log.info(Log.java:11)
	at com.hrms.utility.Log.info(Log.java:11)
	at com.hrms.utility.Log.info(Log.java:11)
	at com.hrms.utility.Log.info(Log.java:11)
	at com.hrms.utility.Log.info(Log.java:11)
	at com.hrms.utility.Log.info(Log.java:11)
	at com.hrms.utility.Log.info(Log.java:11)
	at com.hrms.utility.Log.info(Log.java:11)
	at com.hrms.utility.Log.info(Log.java:11)
	at com.hrms.utility.Log.info(Log.java:11)
	at com.hrms.utility.Log.info(Log.java:11)
	at com.hrms.utility.Log.info(Log.java:11)
	at com.hrms.utility.Log.info(Log.java:11)
	at com.hrms.utility.Log.info(Log.java:11)
	at com.hrms.utility.Log.info(Log.java:11)
	at com.hrms.utility.Log.info(Log.java:11)
	at com.hrms.utility.Log.info(Log.java:11)
	at com.hrms.utility.Log.info(Log.java:11)
	at com.hrms.utility.Log.info(Log.java:11)
	at com.hrms.utility.Log.info(Log.java:11)
	at com.hrms.utility.Log.info(Log.java:11)
	at com.hrms.utility.Log.info(Log.java:11)
	at com.hrms.utility.Log.info(Log.java:11)
	at com.hrms.utility.Log.info(Log.java:11)
	at com.hrms.utility.Log.info(Log.java:11)
	at com.hrms.utility.Log.info(Log.java:11)
	at com.hrms.utility.Log.info(Log.java:11)
	at com.hrms.utility.Log.info(Log.java:11)
	at com.hrms.utility.Log.info(Log.java:11)
	at com.hrms.utility.Log.info(Log.java:11)
	at com.hrms.utility.Log.info(Log.java:11)
	at com.hrms.utility.Log.info(Log.java:11)
	at com.hrms.utility.Log.info(Log.java:11)
	at com.hrms.utility.Log.info(Log.java:11)
	at com.hrms.utility.Log.info(Log.java:11)
	at com.hrms.utility.Log.info(Log.java:11)
	at com.hrms.utility.Log.info(Log.java:11)
	at com.hrms.utility.Log.info(Log.java:11)
	at com.hrms.utility.Log.info(Log.java:11)
	at com.hrms.utility.Log.info(Log.java:11)
	at com.hrms.utility.Log.info(Log.java:11)
	at com.hrms.utility.Log.info(Log.java:11)
	at com.hrms.utility.Log.info(Log.java:11)
	at com.hrms.utility.Log.info(Log.java:11)
	at com.hrms.utility.Log.info(Log.java:11)
	at com.hrms.utility.Log.info(Log.java:11)
	at com.hrms.utility.Log.info(Log.java:11)
	at com.hrms.utility.Log.info(Log.java:11)
	at com.hrms.utility.Log.info(Log.java:11)
	at com.hrms.utility.Log.info(Log.java:11)
	at com.hrms.utility.Log.info(Log.java:11)
	at com.hrms.utility.Log.info(Log.java:11)
	at com.hrms.utility.Log.info(Log.java:11)
	at com.hrms.utility.Log.info(Log.java:11)
	at com.hrms.utility.Log.info(Log.java:11)
	at com.hrms.utility.Log.info(Log.java:11)
	at com.hrms.utility.Log.info(Log.java:11)
	at com.hrms.utility.Log.info(Log.java:11)
	at com.hrms.utility.Log.info(Log.java:11)
	at com.hrms.utility.Log.info(Log.java:11)
	at com.hrms.utility.Log.info(Log.java:11)
	at com.hrms.utility.Log.info(Log.java:11)
	at com.hrms.utility.Log.info(Log.java:11)
	at com.hrms.utility.Log.info(Log.java:11)
	at com.hrms.utility.Log.info(Log.java:11)
	at com.hrms.utility.Log.info(Log.java:11)
	at com.hrms.utility.Log.info(Log.java:11)
	at com.hrms.utility.Log.info(Log.java:11)
	at com.hrms.utility.Log.info(Log.java:11)
	at com.hrms.utility.Log.info(Log.java:11)
	at com.hrms.utility.Log.info(Log.java:11)
	at com.hrms.utility.Log.info(Log.java:11)
	at com.hrms.utility.Log.info(Log.java:11)
]]>
    </failure>
  </testcase> <!-- tc001 -->
  <testcase classname="com.hrms.testscripts.TC002_AddEmp" name="tc002" time="6.977">
    <failure type="java.lang.StackOverflowError">
      <![CDATA[java.lang.StackOverflowError
	at java.base/java.util.Hashtable.get(Hashtable.java:384)
	at org.apache.log4j.Hierarchy.getLogger(Hierarchy.java:268)
	at org.apache.log4j.Hierarchy.getLogger(Hierarchy.java:242)
	at org.apache.log4j.LogManager.getLogger(LogManager.java:188)
	at org.apache.log4j.Logger.getLogger(Logger.java:104)
	at com.hrms.utility.Log.info(Log.java:9)
	at com.hrms.utility.Log.info(Log.java:11)
	at com.hrms.utility.Log.info(Log.java:11)
	at com.hrms.utility.Log.info(Log.java:11)
	at com.hrms.utility.Log.info(Log.java:11)
	at com.hrms.utility.Log.info(Log.java:11)
	at com.hrms.utility.Log.info(Log.java:11)
	at com.hrms.utility.Log.info(Log.java:11)
	at com.hrms.utility.Log.info(Log.java:11)
	at com.hrms.utility.Log.info(Log.java:11)
	at com.hrms.utility.Log.info(Log.java:11)
	at com.hrms.utility.Log.info(Log.java:11)
	at com.hrms.utility.Log.info(Log.java:11)
	at com.hrms.utility.Log.info(Log.java:11)
	at com.hrms.utility.Log.info(Log.java:11)
	at com.hrms.utility.Log.info(Log.java:11)
	at com.hrms.utility.Log.info(Log.java:11)
	at com.hrms.utility.Log.info(Log.java:11)
	at com.hrms.utility.Log.info(Log.java:11)
	at com.hrms.utility.Log.info(Log.java:11)
	at com.hrms.utility.Log.info(Log.java:11)
	at com.hrms.utility.Log.info(Log.java:11)
	at com.hrms.utility.Log.info(Log.java:11)
	at com.hrms.utility.Log.info(Log.java:11)
	at com.hrms.utility.Log.info(Log.java:11)
	at com.hrms.utility.Log.info(Log.java:11)
	at com.hrms.utility.Log.info(Log.java:11)
	at com.hrms.utility.Log.info(Log.java:11)
	at com.hrms.utility.Log.info(Log.java:11)
	at com.hrms.utility.Log.info(Log.java:11)
	at com.hrms.utility.Log.info(Log.java:11)
	at com.hrms.utility.Log.info(Log.java:11)
	at com.hrms.utility.Log.info(Log.java:11)
	at com.hrms.utility.Log.info(Log.java:11)
	at com.hrms.utility.Log.info(Log.java:11)
	at com.hrms.utility.Log.info(Log.java:11)
	at com.hrms.utility.Log.info(Log.java:11)
	at com.hrms.utility.Log.info(Log.java:11)
	at com.hrms.utility.Log.info(Log.java:11)
	at com.hrms.utility.Log.info(Log.java:11)
	at com.hrms.utility.Log.info(Log.java:11)
	at com.hrms.utility.Log.info(Log.java:11)
	at com.hrms.utility.Log.info(Log.java:11)
	at com.hrms.utility.Log.info(Log.java:11)
	at com.hrms.utility.Log.info(Log.java:11)
	at com.hrms.utility.Log.info(Log.java:11)
	at com.hrms.utility.Log.info(Log.java:11)
	at com.hrms.utility.Log.info(Log.java:11)
	at com.hrms.utility.Log.info(Log.java:11)
	at com.hrms.utility.Log.info(Log.java:11)
	at com.hrms.utility.Log.info(Log.java:11)
	at com.hrms.utility.Log.info(Log.java:11)
	at com.hrms.utility.Log.info(Log.java:11)
	at com.hrms.utility.Log.info(Log.java:11)
	at com.hrms.utility.Log.info(Log.java:11)
	at com.hrms.utility.Log.info(Log.java:11)
	at com.hrms.utility.Log.info(Log.java:11)
	at com.hrms.utility.Log.info(Log.java:11)
	at com.hrms.utility.Log.info(Log.java:11)
	at com.hrms.utility.Log.info(Log.java:11)
	at com.hrms.utility.Log.info(Log.java:11)
	at com.hrms.utility.Log.info(Log.java:11)
	at com.hrms.utility.Log.info(Log.java:11)
	at com.hrms.utility.Log.info(Log.java:11)
	at com.hrms.utility.Log.info(Log.java:11)
	at com.hrms.utility.Log.info(Log.java:11)
	at com.hrms.utility.Log.info(Log.java:11)
	at com.hrms.utility.Log.info(Log.java:11)
	at com.hrms.utility.Log.info(Log.java:11)
	at com.hrms.utility.Log.info(Log.java:11)
	at com.hrms.utility.Log.info(Log.java:11)
	at com.hrms.utility.Log.info(Log.java:11)
	at com.hrms.utility.Log.info(Log.java:11)
	at com.hrms.utility.Log.info(Log.java:11)
	at com.hrms.utility.Log.info(Log.java:11)
	at com.hrms.utility.Log.info(Log.java:11)
	at com.hrms.utility.Log.info(Log.java:11)
	at com.hrms.utility.Log.info(Log.java:11)
	at com.hrms.utility.Log.info(Log.java:11)
	at com.hrms.utility.Log.info(Log.java:11)
	at com.hrms.utility.Log.info(Log.java:11)
	at com.hrms.utility.Log.info(Log.java:11)
	at com.hrms.utility.Log.info(Log.java:11)
	at com.hrms.utility.Log.info(Log.java:11)
	at com.hrms.utility.Log.info(Log.java:11)
	at com.hrms.utility.Log.info(Log.java:11)
	at com.hrms.utility.Log.info(Log.java:11)
	at com.hrms.utility.Log.info(Log.java:11)
	at com.hrms.utility.Log.info(Log.java:11)
	at com.hrms.utility.Log.info(Log.java:11)
	at com.hrms.utility.Log.info(Log.java:11)
	at com.hrms.utility.Log.info(Log.java:11)
	at com.hrms.utility.Log.info(Log.java:11)
	at com.hrms.utility.Log.info(Log.java:11)
	at com.hrms.utility.Log.info(Log.java:11)
	at com.hrms.utility.Log.info(Log.java:11)
	at com.hrms.utility.Log.info(Log.java:11)
	at com.hrms.utility.Log.info(Log.java:11)
	at com.hrms.utility.Log.info(Log.java:11)
	at com.hrms.utility.Log.info(Log.java:11)
	at com.hrms.utility.Log.info(Log.java:11)
	at com.hrms.utility.Log.info(Log.java:11)
	at com.hrms.utility.Log.info(Log.java:11)
	at com.hrms.utility.Log.info(Log.java:11)
	at com.hrms.utility.Log.info(Log.java:11)
	at com.hrms.utility.Log.info(Log.java:11)
	at com.hrms.utility.Log.info(Log.java:11)
	at com.hrms.utility.Log.info(Log.java:11)
	at com.hrms.utility.Log.info(Log.java:11)
	at com.hrms.utility.Log.info(Log.java:11)
	at com.hrms.utility.Log.info(Log.java:11)
	at com.hrms.utility.Log.info(Log.java:11)
	at com.hrms.utility.Log.info(Log.java:11)
	at com.hrms.utility.Log.info(Log.java:11)
	at com.hrms.utility.Log.info(Log.java:11)
	at com.hrms.utility.Log.info(Log.java:11)
	at com.hrms.utility.Log.info(Log.java:11)
	at com.hrms.utility.Log.info(Log.java:11)
	at com.hrms.utility.Log.info(Log.java:11)
	at com.hrms.utility.Log.info(Log.java:11)
	at com.hrms.utility.Log.info(Log.java:11)
	at com.hrms.utility.Log.info(Log.java:11)
	at com.hrms.utility.Log.info(Log.java:11)
	at com.hrms.utility.Log.info(Log.java:11)
	at com.hrms.utility.Log.info(Log.java:11)
	at com.hrms.utility.Log.info(Log.java:11)
	at com.hrms.utility.Log.info(Log.java:11)
	at com.hrms.utility.Log.info(Log.java:11)
	at com.hrms.utility.Log.info(Log.java:11)
	at com.hrms.utility.Log.info(Log.java:11)
	at com.hrms.utility.Log.info(Log.java:11)
	at com.hrms.utility.Log.info(Log.java:11)
	at com.hrms.utility.Log.info(Log.java:11)
	at com.hrms.utility.Log.info(Log.java:11)
	at com.hrms.utility.Log.info(Log.java:11)
	at com.hrms.utility.Log.info(Log.java:11)
	at com.hrms.utility.Log.info(Log.java:11)
	at com.hrms.utility.Log.info(Log.java:11)
	at com.hrms.utility.Log.info(Log.java:11)
	at com.hrms.utility.Log.info(Log.java:11)
	at com.hrms.utility.Log.info(Log.java:11)
	at com.hrms.utility.Log.info(Log.java:11)
	at com.hrms.utility.Log.info(Log.java:11)
	at com.hrms.utility.Log.info(Log.java:11)
	at com.hrms.utility.Log.info(Log.java:11)
	at com.hrms.utility.Log.info(Log.java:11)
	at com.hrms.utility.Log.info(Log.java:11)
	at com.hrms.utility.Log.info(Log.java:11)
	at com.hrms.utility.Log.info(Log.java:11)
	at com.hrms.utility.Log.info(Log.java:11)
	at com.hrms.utility.Log.info(Log.java:11)
	at com.hrms.utility.Log.info(Log.java:11)
	at com.hrms.utility.Log.info(Log.java:11)
	at com.hrms.utility.Log.info(Log.java:11)
	at com.hrms.utility.Log.info(Log.java:11)
	at com.hrms.utility.Log.info(Log.java:11)
	at com.hrms.utility.Log.info(Log.java:11)
	at com.hrms.utility.Log.info(Log.java:11)
	at com.hrms.utility.Log.info(Log.java:11)
	at com.hrms.utility.Log.info(Log.java:11)
	at com.hrms.utility.Log.info(Log.java:11)
	at com.hrms.utility.Log.info(Log.java:11)
	at com.hrms.utility.Log.info(Log.java:11)
	at com.hrms.utility.Log.info(Log.java:11)
	at com.hrms.utility.Log.info(Log.java:11)
	at com.hrms.utility.Log.info(Log.java:11)
	at com.hrms.utility.Log.info(Log.java:11)
	at com.hrms.utility.Log.info(Log.java:11)
	at com.hrms.utility.Log.info(Log.java:11)
	at com.hrms.utility.Log.info(Log.java:11)
	at com.hrms.utility.Log.info(Log.java:11)
	at com.hrms.utility.Log.info(Log.java:11)
	at com.hrms.utility.Log.info(Log.java:11)
	at com.hrms.utility.Log.info(Log.java:11)
	at com.hrms.utility.Log.info(Log.java:11)
	at com.hrms.utility.Log.info(Log.java:11)
	at com.hrms.utility.Log.info(Log.java:11)
	at com.hrms.utility.Log.info(Log.java:11)
	at com.hrms.utility.Log.info(Log.java:11)
	at com.hrms.utility.Log.info(Log.java:11)
	at com.hrms.utility.Log.info(Log.java:11)
	at com.hrms.utility.Log.info(Log.java:11)
	at com.hrms.utility.Log.info(Log.java:11)
	at com.hrms.utility.Log.info(Log.java:11)
	at com.hrms.utility.Log.info(Log.java:11)
	at com.hrms.utility.Log.info(Log.java:11)
	at com.hrms.utility.Log.info(Log.java:11)
	at com.hrms.utility.Log.info(Log.java:11)
	at com.hrms.utility.Log.info(Log.java:11)
	at com.hrms.utility.Log.info(Log.java:11)
	at com.hrms.utility.Log.info(Log.java:11)
	at com.hrms.utility.Log.info(Log.java:11)
	at com.hrms.utility.Log.info(Log.java:11)
	at com.hrms.utility.Log.info(Log.java:11)
	at com.hrms.utility.Log.info(Log.java:11)
	at com.hrms.utility.Log.info(Log.java:11)
	at com.hrms.utility.Log.info(Log.java:11)
	at com.hrms.utility.Log.info(Log.java:11)
	at com.hrms.utility.Log.info(Log.java:11)
	at com.hrms.utility.Log.info(Log.java:11)
	at com.hrms.utility.Log.info(Log.java:11)
	at com.hrms.utility.Log.info(Log.java:11)
	at com.hrms.utility.Log.info(Log.java:11)
	at com.hrms.utility.Log.info(Log.java:11)
	at com.hrms.utility.Log.info(Log.java:11)
	at com.hrms.utility.Log.info(Log.java:11)
	at com.hrms.utility.Log.info(Log.java:11)
	at com.hrms.utility.Log.info(Log.java:11)
	at com.hrms.utility.Log.info(Log.java:11)
	at com.hrms.utility.Log.info(Log.java:11)
	at com.hrms.utility.Log.info(Log.java:11)
	at com.hrms.utility.Log.info(Log.java:11)
	at com.hrms.utility.Log.info(Log.java:11)
	at com.hrms.utility.Log.info(Log.java:11)
	at com.hrms.utility.Log.info(Log.java:11)
	at com.hrms.utility.Log.info(Log.java:11)
	at com.hrms.utility.Log.info(Log.java:11)
	at com.hrms.utility.Log.info(Log.java:11)
	at com.hrms.utility.Log.info(Log.java:11)
	at com.hrms.utility.Log.info(Log.java:11)
	at com.hrms.utility.Log.info(Log.java:11)
	at com.hrms.utility.Log.info(Log.java:11)
	at com.hrms.utility.Log.info(Log.java:11)
	at com.hrms.utility.Log.info(Log.java:11)
	at com.hrms.utility.Log.info(Log.java:11)
	at com.hrms.utility.Log.info(Log.java:11)
	at com.hrms.utility.Log.info(Log.java:11)
	at com.hrms.utility.Log.info(Log.java:11)
	at com.hrms.utility.Log.info(Log.java:11)
	at com.hrms.utility.Log.info(Log.java:11)
	at com.hrms.utility.Log.info(Log.java:11)
	at com.hrms.utility.Log.info(Log.java:11)
	at com.hrms.utility.Log.info(Log.java:11)
	at com.hrms.utility.Log.info(Log.java:11)
	at com.hrms.utility.Log.info(Log.java:11)
	at com.hrms.utility.Log.info(Log.java:11)
	at com.hrms.utility.Log.info(Log.java:11)
	at com.hrms.utility.Log.info(Log.java:11)
	at com.hrms.utility.Log.info(Log.java:11)
	at com.hrms.utility.Log.info(Log.java:11)
	at com.hrms.utility.Log.info(Log.java:11)
	at com.hrms.utility.Log.info(Log.java:11)
	at com.hrms.utility.Log.info(Log.java:11)
	at com.hrms.utility.Log.info(Log.java:11)
	at com.hrms.utility.Log.info(Log.java:11)
	at com.hrms.utility.Log.info(Log.java:11)
	at com.hrms.utility.Log.info(Log.java:11)
	at com.hrms.utility.Log.info(Log.java:11)
	at com.hrms.utility.Log.info(Log.java:11)
	at com.hrms.utility.Log.info(Log.java:11)
	at com.hrms.utility.Log.info(Log.java:11)
	at com.hrms.utility.Log.info(Log.java:11)
	at com.hrms.utility.Log.info(Log.java:11)
	at com.hrms.utility.Log.info(Log.java:11)
	at com.hrms.utility.Log.info(Log.java:11)
	at com.hrms.utility.Log.info(Log.java:11)
	at com.hrms.utility.Log.info(Log.java:11)
	at com.hrms.utility.Log.info(Log.java:11)
	at com.hrms.utility.Log.info(Log.java:11)
	at com.hrms.utility.Log.info(Log.java:11)
	at com.hrms.utility.Log.info(Log.java:11)
	at com.hrms.utility.Log.info(Log.java:11)
	at com.hrms.utility.Log.info(Log.java:11)
	at com.hrms.utility.Log.info(Log.java:11)
	at com.hrms.utility.Log.info(Log.java:11)
	at com.hrms.utility.Log.info(Log.java:11)
	at com.hrms.utility.Log.info(Log.java:11)
	at com.hrms.utility.Log.info(Log.java:11)
	at com.hrms.utility.Log.info(Log.java:11)
	at com.hrms.utility.Log.info(Log.java:11)
	at com.hrms.utility.Log.info(Log.java:11)
	at com.hrms.utility.Log.info(Log.java:11)
	at com.hrms.utility.Log.info(Log.java:11)
	at com.hrms.utility.Log.info(Log.java:11)
	at com.hrms.utility.Log.info(Log.java:11)
	at com.hrms.utility.Log.info(Log.java:11)
	at com.hrms.utility.Log.info(Log.java:11)
	at com.hrms.utility.Log.info(Log.java:11)
	at com.hrms.utility.Log.info(Log.java:11)
	at com.hrms.utility.Log.info(Log.java:11)
	at com.hrms.utility.Log.info(Log.java:11)
	at com.hrms.utility.Log.info(Log.java:11)
	at com.hrms.utility.Log.info(Log.java:11)
	at com.hrms.utility.Log.info(Log.java:11)
	at com.hrms.utility.Log.info(Log.java:11)
	at com.hrms.utility.Log.info(Log.java:11)
	at com.hrms.utility.Log.info(Log.java:11)
	at com.hrms.utility.Log.info(Log.java:11)
	at com.hrms.utility.Log.info(Log.java:11)
	at com.hrms.utility.Log.info(Log.java:11)
	at com.hrms.utility.Log.info(Log.java:11)
	at com.hrms.utility.Log.info(Log.java:11)
	at com.hrms.utility.Log.info(Log.java:11)
	at com.hrms.utility.Log.info(Log.java:11)
	at com.hrms.utility.Log.info(Log.java:11)
	at com.hrms.utility.Log.info(Log.java:11)
	at com.hrms.utility.Log.info(Log.java:11)
	at com.hrms.utility.Log.info(Log.java:11)
	at com.hrms.utility.Log.info(Log.java:11)
	at com.hrms.utility.Log.info(Log.java:11)
	at com.hrms.utility.Log.info(Log.java:11)
	at com.hrms.utility.Log.info(Log.java:11)
	at com.hrms.utility.Log.info(Log.java:11)
	at com.hrms.utility.Log.info(Log.java:11)
	at com.hrms.utility.Log.info(Log.java:11)
	at com.hrms.utility.Log.info(Log.java:11)
	at com.hrms.utility.Log.info(Log.java:11)
	at com.hrms.utility.Log.info(Log.java:11)
	at com.hrms.utility.Log.info(Log.java:11)
	at com.hrms.utility.Log.info(Log.java:11)
	at com.hrms.utility.Log.info(Log.java:11)
	at com.hrms.utility.Log.info(Log.java:11)
	at com.hrms.utility.Log.info(Log.java:11)
	at com.hrms.utility.Log.info(Log.java:11)
	at com.hrms.utility.Log.info(Log.java:11)
	at com.hrms.utility.Log.info(Log.java:11)
	at com.hrms.utility.Log.info(Log.java:11)
	at com.hrms.utility.Log.info(Log.java:11)
	at com.hrms.utility.Log.info(Log.java:11)
	at com.hrms.utility.Log.info(Log.java:11)
	at com.hrms.utility.Log.info(Log.java:11)
	at com.hrms.utility.Log.info(Log.java:11)
	at com.hrms.utility.Log.info(Log.java:11)
	at com.hrms.utility.Log.info(Log.java:11)
	at com.hrms.utility.Log.info(Log.java:11)
	at com.hrms.utility.Log.info(Log.java:11)
	at com.hrms.utility.Log.info(Log.java:11)
	at com.hrms.utility.Log.info(Log.java:11)
	at com.hrms.utility.Log.info(Log.java:11)
	at com.hrms.utility.Log.info(Log.java:11)
	at com.hrms.utility.Log.info(Log.java:11)
	at com.hrms.utility.Log.info(Log.java:11)
	at com.hrms.utility.Log.info(Log.java:11)
	at com.hrms.utility.Log.info(Log.java:11)
	at com.hrms.utility.Log.info(Log.java:11)
	at com.hrms.utility.Log.info(Log.java:11)
	at com.hrms.utility.Log.info(Log.java:11)
	at com.hrms.utility.Log.info(Log.java:11)
	at com.hrms.utility.Log.info(Log.java:11)
	at com.hrms.utility.Log.info(Log.java:11)
	at com.hrms.utility.Log.info(Log.java:11)
	at com.hrms.utility.Log.info(Log.java:11)
	at com.hrms.utility.Log.info(Log.java:11)
	at com.hrms.utility.Log.info(Log.java:11)
	at com.hrms.utility.Log.info(Log.java:11)
	at com.hrms.utility.Log.info(Log.java:11)
	at com.hrms.utility.Log.info(Log.java:11)
	at com.hrms.utility.Log.info(Log.java:11)
	at com.hrms.utility.Log.info(Log.java:11)
	at com.hrms.utility.Log.info(Log.java:11)
	at com.hrms.utility.Log.info(Log.java:11)
	at com.hrms.utility.Log.info(Log.java:11)
	at com.hrms.utility.Log.info(Log.java:11)
	at com.hrms.utility.Log.info(Log.java:11)
	at com.hrms.utility.Log.info(Log.java:11)
	at com.hrms.utility.Log.info(Log.java:11)
	at com.hrms.utility.Log.info(Log.java:11)
	at com.hrms.utility.Log.info(Log.java:11)
	at com.hrms.utility.Log.info(Log.java:11)
	at com.hrms.utility.Log.info(Log.java:11)
	at com.hrms.utility.Log.info(Log.java:11)
	at com.hrms.utility.Log.info(Log.java:11)
	at com.hrms.utility.Log.info(Log.java:11)
	at com.hrms.utility.Log.info(Log.java:11)
	at com.hrms.utility.Log.info(Log.java:11)
	at com.hrms.utility.Log.info(Log.java:11)
	at com.hrms.utility.Log.info(Log.java:11)
	at com.hrms.utility.Log.info(Log.java:11)
	at com.hrms.utility.Log.info(Log.java:11)
	at com.hrms.utility.Log.info(Log.java:11)
	at com.hrms.utility.Log.info(Log.java:11)
	at com.hrms.utility.Log.info(Log.java:11)
	at com.hrms.utility.Log.info(Log.java:11)
	at com.hrms.utility.Log.info(Log.java:11)
	at com.hrms.utility.Log.info(Log.java:11)
	at com.hrms.utility.Log.info(Log.java:11)
	at com.hrms.utility.Log.info(Log.java:11)
	at com.hrms.utility.Log.info(Log.java:11)
	at com.hrms.utility.Log.info(Log.java:11)
	at com.hrms.utility.Log.info(Log.java:11)
	at com.hrms.utility.Log.info(Log.java:11)
	at com.hrms.utility.Log.info(Log.java:11)
	at com.hrms.utility.Log.info(Log.java:11)
	at com.hrms.utility.Log.info(Log.java:11)
	at com.hrms.utility.Log.info(Log.java:11)
	at com.hrms.utility.Log.info(Log.java:11)
	at com.hrms.utility.Log.info(Log.java:11)
	at com.hrms.utility.Log.info(Log.java:11)
	at com.hrms.utility.Log.info(Log.java:11)
	at com.hrms.utility.Log.info(Log.java:11)
	at com.hrms.utility.Log.info(Log.java:11)
	at com.hrms.utility.Log.info(Log.java:11)
	at com.hrms.utility.Log.info(Log.java:11)
	at com.hrms.utility.Log.info(Log.java:11)
	at com.hrms.utility.Log.info(Log.java:11)
	at com.hrms.utility.Log.info(Log.java:11)
	at com.hrms.utility.Log.info(Log.java:11)
	at com.hrms.utility.Log.info(Log.java:11)
	at com.hrms.utility.Log.info(Log.java:11)
	at com.hrms.utility.Log.info(Log.java:11)
	at com.hrms.utility.Log.info(Log.java:11)
	at com.hrms.utility.Log.info(Log.java:11)
	at com.hrms.utility.Log.info(Log.java:11)
	at com.hrms.utility.Log.info(Log.java:11)
	at com.hrms.utility.Log.info(Log.java:11)
	at com.hrms.utility.Log.info(Log.java:11)
	at com.hrms.utility.Log.info(Log.java:11)
	at com.hrms.utility.Log.info(Log.java:11)
	at com.hrms.utility.Log.info(Log.java:11)
	at com.hrms.utility.Log.info(Log.java:11)
	at com.hrms.utility.Log.info(Log.java:11)
	at com.hrms.utility.Log.info(Log.java:11)
	at com.hrms.utility.Log.info(Log.java:11)
	at com.hrms.utility.Log.info(Log.java:11)
	at com.hrms.utility.Log.info(Log.java:11)
	at com.hrms.utility.Log.info(Log.java:11)
	at com.hrms.utility.Log.info(Log.java:11)
	at com.hrms.utility.Log.info(Log.java:11)
	at com.hrms.utility.Log.info(Log.java:11)
	at com.hrms.utility.Log.info(Log.java:11)
	at com.hrms.utility.Log.info(Log.java:11)
	at com.hrms.utility.Log.info(Log.java:11)
	at com.hrms.utility.Log.info(Log.java:11)
	at com.hrms.utility.Log.info(Log.java:11)
	at com.hrms.utility.Log.info(Log.java:11)
	at com.hrms.utility.Log.info(Log.java:11)
	at com.hrms.utility.Log.info(Log.java:11)
	at com.hrms.utility.Log.info(Log.java:11)
	at com.hrms.utility.Log.info(Log.java:11)
	at com.hrms.utility.Log.info(Log.java:11)
	at com.hrms.utility.Log.info(Log.java:11)
	at com.hrms.utility.Log.info(Log.java:11)
	at com.hrms.utility.Log.info(Log.java:11)
	at com.hrms.utility.Log.info(Log.java:11)
	at com.hrms.utility.Log.info(Log.java:11)
	at com.hrms.utility.Log.info(Log.java:11)
	at com.hrms.utility.Log.info(Log.java:11)
	at com.hrms.utility.Log.info(Log.java:11)
	at com.hrms.utility.Log.info(Log.java:11)
	at com.hrms.utility.Log.info(Log.java:11)
	at com.hrms.utility.Log.info(Log.java:11)
	at com.hrms.utility.Log.info(Log.java:11)
	at com.hrms.utility.Log.info(Log.java:11)
	at com.hrms.utility.Log.info(Log.java:11)
	at com.hrms.utility.Log.info(Log.java:11)
	at com.hrms.utility.Log.info(Log.java:11)
	at com.hrms.utility.Log.info(Log.java:11)
	at com.hrms.utility.Log.info(Log.java:11)
	at com.hrms.utility.Log.info(Log.java:11)
	at com.hrms.utility.Log.info(Log.java:11)
	at com.hrms.utility.Log.info(Log.java:11)
	at com.hrms.utility.Log.info(Log.java:11)
	at com.hrms.utility.Log.info(Log.java:11)
	at com.hrms.utility.Log.info(Log.java:11)
	at com.hrms.utility.Log.info(Log.java:11)
	at com.hrms.utility.Log.info(Log.java:11)
	at com.hrms.utility.Log.info(Log.java:11)
	at com.hrms.utility.Log.info(Log.java:11)
	at com.hrms.utility.Log.info(Log.java:11)
	at com.hrms.utility.Log.info(Log.java:11)
	at com.hrms.utility.Log.info(Log.java:11)
	at com.hrms.utility.Log.info(Log.java:11)
	at com.hrms.utility.Log.info(Log.java:11)
	at com.hrms.utility.Log.info(Log.java:11)
	at com.hrms.utility.Log.info(Log.java:11)
	at com.hrms.utility.Log.info(Log.java:11)
	at com.hrms.utility.Log.info(Log.java:11)
	at com.hrms.utility.Log.info(Log.java:11)
	at com.hrms.utility.Log.info(Log.java:11)
	at com.hrms.utility.Log.info(Log.java:11)
	at com.hrms.utility.Log.info(Log.java:11)
	at com.hrms.utility.Log.info(Log.java:11)
	at com.hrms.utility.Log.info(Log.java:11)
	at com.hrms.utility.Log.info(Log.java:11)
	at com.hrms.utility.Log.info(Log.java:11)
	at com.hrms.utility.Log.info(Log.java:11)
	at com.hrms.utility.Log.info(Log.java:11)
	at com.hrms.utility.Log.info(Log.java:11)
	at com.hrms.utility.Log.info(Log.java:11)
	at com.hrms.utility.Log.info(Log.java:11)
	at com.hrms.utility.Log.info(Log.java:11)
	at com.hrms.utility.Log.info(Log.java:11)
	at com.hrms.utility.Log.info(Log.java:11)
	at com.hrms.utility.Log.info(Log.java:11)
	at com.hrms.utility.Log.info(Log.java:11)
	at com.hrms.utility.Log.info(Log.java:11)
	at com.hrms.utility.Log.info(Log.java:11)
	at com.hrms.utility.Log.info(Log.java:11)
	at com.hrms.utility.Log.info(Log.java:11)
	at com.hrms.utility.Log.info(Log.java:11)
	at com.hrms.utility.Log.info(Log.java:11)
	at com.hrms.utility.Log.info(Log.java:11)
	at com.hrms.utility.Log.info(Log.java:11)
	at com.hrms.utility.Log.info(Log.java:11)
	at com.hrms.utility.Log.info(Log.java:11)
	at com.hrms.utility.Log.info(Log.java:11)
	at com.hrms.utility.Log.info(Log.java:11)
	at com.hrms.utility.Log.info(Log.java:11)
	at com.hrms.utility.Log.info(Log.java:11)
	at com.hrms.utility.Log.info(Log.java:11)
	at com.hrms.utility.Log.info(Log.java:11)
	at com.hrms.utility.Log.info(Log.java:11)
	at com.hrms.utility.Log.info(Log.java:11)
	at com.hrms.utility.Log.info(Log.java:11)
	at com.hrms.utility.Log.info(Log.java:11)
	at com.hrms.utility.Log.info(Log.java:11)
	at com.hrms.utility.Log.info(Log.java:11)
	at com.hrms.utility.Log.info(Log.java:11)
	at com.hrms.utility.Log.info(Log.java:11)
	at com.hrms.utility.Log.info(Log.java:11)
	at com.hrms.utility.Log.info(Log.java:11)
	at com.hrms.utility.Log.info(Log.java:11)
	at com.hrms.utility.Log.info(Log.java:11)
	at com.hrms.utility.Log.info(Log.java:11)
	at com.hrms.utility.Log.info(Log.java:11)
	at com.hrms.utility.Log.info(Log.java:11)
	at com.hrms.utility.Log.info(Log.java:11)
	at com.hrms.utility.Log.info(Log.java:11)
	at com.hrms.utility.Log.info(Log.java:11)
	at com.hrms.utility.Log.info(Log.java:11)
	at com.hrms.utility.Log.info(Log.java:11)
	at com.hrms.utility.Log.info(Log.java:11)
	at com.hrms.utility.Log.info(Log.java:11)
	at com.hrms.utility.Log.info(Log.java:11)
	at com.hrms.utility.Log.info(Log.java:11)
	at com.hrms.utility.Log.info(Log.java:11)
	at com.hrms.utility.Log.info(Log.java:11)
	at com.hrms.utility.Log.info(Log.java:11)
	at com.hrms.utility.Log.info(Log.java:11)
	at com.hrms.utility.Log.info(Log.java:11)
	at com.hrms.utility.Log.info(Log.java:11)
	at com.hrms.utility.Log.info(Log.java:11)
	at com.hrms.utility.Log.info(Log.java:11)
	at com.hrms.utility.Log.info(Log.java:11)
	at com.hrms.utility.Log.info(Log.java:11)
	at com.hrms.utility.Log.info(Log.java:11)
	at com.hrms.utility.Log.info(Log.java:11)
	at com.hrms.utility.Log.info(Log.java:11)
	at com.hrms.utility.Log.info(Log.java:11)
	at com.hrms.utility.Log.info(Log.java:11)
	at com.hrms.utility.Log.info(Log.java:11)
	at com.hrms.utility.Log.info(Log.java:11)
	at com.hrms.utility.Log.info(Log.java:11)
	at com.hrms.utility.Log.info(Log.java:11)
	at com.hrms.utility.Log.info(Log.java:11)
	at com.hrms.utility.Log.info(Log.java:11)
	at com.hrms.utility.Log.info(Log.java:11)
	at com.hrms.utility.Log.info(Log.java:11)
	at com.hrms.utility.Log.info(Log.java:11)
	at com.hrms.utility.Log.info(Log.java:11)
	at com.hrms.utility.Log.info(Log.java:11)
	at com.hrms.utility.Log.info(Log.java:11)
	at com.hrms.utility.Log.info(Log.java:11)
	at com.hrms.utility.Log.info(Log.java:11)
	at com.hrms.utility.Log.info(Log.java:11)
	at com.hrms.utility.Log.info(Log.java:11)
	at com.hrms.utility.Log.info(Log.java:11)
	at com.hrms.utility.Log.info(Log.java:11)
	at com.hrms.utility.Log.info(Log.java:11)
	at com.hrms.utility.Log.info(Log.java:11)
	at com.hrms.utility.Log.info(Log.java:11)
	at com.hrms.utility.Log.info(Log.java:11)
	at com.hrms.utility.Log.info(Log.java:11)
	at com.hrms.utility.Log.info(Log.java:11)
	at com.hrms.utility.Log.info(Log.java:11)
	at com.hrms.utility.Log.info(Log.java:11)
	at com.hrms.utility.Log.info(Log.java:11)
	at com.hrms.utility.Log.info(Log.java:11)
	at com.hrms.utility.Log.info(Log.java:11)
	at com.hrms.utility.Log.info(Log.java:11)
	at com.hrms.utility.Log.info(Log.java:11)
	at com.hrms.utility.Log.info(Log.java:11)
	at com.hrms.utility.Log.info(Log.java:11)
	at com.hrms.utility.Log.info(Log.java:11)
	at com.hrms.utility.Log.info(Log.java:11)
	at com.hrms.utility.Log.info(Log.java:11)
	at com.hrms.utility.Log.info(Log.java:11)
	at com.hrms.utility.Log.info(Log.java:11)
	at com.hrms.utility.Log.info(Log.java:11)
	at com.hrms.utility.Log.info(Log.java:11)
	at com.hrms.utility.Log.info(Log.java:11)
	at com.hrms.utility.Log.info(Log.java:11)
	at com.hrms.utility.Log.info(Log.java:11)
	at com.hrms.utility.Log.info(Log.java:11)
	at com.hrms.utility.Log.info(Log.java:11)
	at com.hrms.utility.Log.info(Log.java:11)
	at com.hrms.utility.Log.info(Log.java:11)
	at com.hrms.utility.Log.info(Log.java:11)
	at com.hrms.utility.Log.info(Log.java:11)
	at com.hrms.utility.Log.info(Log.java:11)
	at com.hrms.utility.Log.info(Log.java:11)
	at com.hrms.utility.Log.info(Log.java:11)
	at com.hrms.utility.Log.info(Log.java:11)
	at com.hrms.utility.Log.info(Log.java:11)
	at com.hrms.utility.Log.info(Log.java:11)
	at com.hrms.utility.Log.info(Log.java:11)
	at com.hrms.utility.Log.info(Log.java:11)
	at com.hrms.utility.Log.info(Log.java:11)
	at com.hrms.utility.Log.info(Log.java:11)
	at com.hrms.utility.Log.info(Log.java:11)
	at com.hrms.utility.Log.info(Log.java:11)
	at com.hrms.utility.Log.info(Log.java:11)
	at com.hrms.utility.Log.info(Log.java:11)
	at com.hrms.utility.Log.info(Log.java:11)
	at com.hrms.utility.Log.info(Log.java:11)
	at com.hrms.utility.Log.info(Log.java:11)
	at com.hrms.utility.Log.info(Log.java:11)
	at com.hrms.utility.Log.info(Log.java:11)
	at com.hrms.utility.Log.info(Log.java:11)
	at com.hrms.utility.Log.info(Log.java:11)
	at com.hrms.utility.Log.info(Log.java:11)
	at com.hrms.utility.Log.info(Log.java:11)
	at com.hrms.utility.Log.info(Log.java:11)
	at com.hrms.utility.Log.info(Log.java:11)
	at com.hrms.utility.Log.info(Log.java:11)
	at com.hrms.utility.Log.info(Log.java:11)
	at com.hrms.utility.Log.info(Log.java:11)
	at com.hrms.utility.Log.info(Log.java:11)
	at com.hrms.utility.Log.info(Log.java:11)
	at com.hrms.utility.Log.info(Log.java:11)
	at com.hrms.utility.Log.info(Log.java:11)
	at com.hrms.utility.Log.info(Log.java:11)
	at com.hrms.utility.Log.info(Log.java:11)
	at com.hrms.utility.Log.info(Log.java:11)
	at com.hrms.utility.Log.info(Log.java:11)
	at com.hrms.utility.Log.info(Log.java:11)
	at com.hrms.utility.Log.info(Log.java:11)
	at com.hrms.utility.Log.info(Log.java:11)
	at com.hrms.utility.Log.info(Log.java:11)
	at com.hrms.utility.Log.info(Log.java:11)
	at com.hrms.utility.Log.info(Log.java:11)
	at com.hrms.utility.Log.info(Log.java:11)
	at com.hrms.utility.Log.info(Log.java:11)
	at com.hrms.utility.Log.info(Log.java:11)
	at com.hrms.utility.Log.info(Log.java:11)
	at com.hrms.utility.Log.info(Log.java:11)
	at com.hrms.utility.Log.info(Log.java:11)
	at com.hrms.utility.Log.info(Log.java:11)
	at com.hrms.utility.Log.info(Log.java:11)
	at com.hrms.utility.Log.info(Log.java:11)
	at com.hrms.utility.Log.info(Log.java:11)
	at com.hrms.utility.Log.info(Log.java:11)
	at com.hrms.utility.Log.info(Log.java:11)
	at com.hrms.utility.Log.info(Log.java:11)
	at com.hrms.utility.Log.info(Log.java:11)
	at com.hrms.utility.Log.info(Log.java:11)
	at com.hrms.utility.Log.info(Log.java:11)
	at com.hrms.utility.Log.info(Log.java:11)
	at com.hrms.utility.Log.info(Log.java:11)
	at com.hrms.utility.Log.info(Log.java:11)
	at com.hrms.utility.Log.info(Log.java:11)
	at com.hrms.utility.Log.info(Log.java:11)
	at com.hrms.utility.Log.info(Log.java:11)
	at com.hrms.utility.Log.info(Log.java:11)
	at com.hrms.utility.Log.info(Log.java:11)
	at com.hrms.utility.Log.info(Log.java:11)
	at com.hrms.utility.Log.info(Log.java:11)
	at com.hrms.utility.Log.info(Log.java:11)
	at com.hrms.utility.Log.info(Log.java:11)
	at com.hrms.utility.Log.info(Log.java:11)
	at com.hrms.utility.Log.info(Log.java:11)
	at com.hrms.utility.Log.info(Log.java:11)
	at com.hrms.utility.Log.info(Log.java:11)
	at com.hrms.utility.Log.info(Log.java:11)
	at com.hrms.utility.Log.info(Log.java:11)
	at com.hrms.utility.Log.info(Log.java:11)
	at com.hrms.utility.Log.info(Log.java:11)
	at com.hrms.utility.Log.info(Log.java:11)
	at com.hrms.utility.Log.info(Log.java:11)
	at com.hrms.utility.Log.info(Log.java:11)
	at com.hrms.utility.Log.info(Log.java:11)
	at com.hrms.utility.Log.info(Log.java:11)
	at com.hrms.utility.Log.info(Log.java:11)
	at com.hrms.utility.Log.info(Log.java:11)
	at com.hrms.utility.Log.info(Log.java:11)
	at com.hrms.utility.Log.info(Log.java:11)
	at com.hrms.utility.Log.info(Log.java:11)
	at com.hrms.utility.Log.info(Log.java:11)
	at com.hrms.utility.Log.info(Log.java:11)
	at com.hrms.utility.Log.info(Log.java:11)
	at com.hrms.utility.Log.info(Log.java:11)
	at com.hrms.utility.Log.info(Log.java:11)
	at com.hrms.utility.Log.info(Log.java:11)
	at com.hrms.utility.Log.info(Log.java:11)
	at com.hrms.utility.Log.info(Log.java:11)
	at com.hrms.utility.Log.info(Log.java:11)
	at com.hrms.utility.Log.info(Log.java:11)
	at com.hrms.utility.Log.info(Log.java:11)
	at com.hrms.utility.Log.info(Log.java:11)
	at com.hrms.utility.Log.info(Log.java:11)
	at com.hrms.utility.Log.info(Log.java:11)
	at com.hrms.utility.Log.info(Log.java:11)
	at com.hrms.utility.Log.info(Log.java:11)
	at com.hrms.utility.Log.info(Log.java:11)
	at com.hrms.utility.Log.info(Log.java:11)
	at com.hrms.utility.Log.info(Log.java:11)
	at com.hrms.utility.Log.info(Log.java:11)
	at com.hrms.utility.Log.info(Log.java:11)
	at com.hrms.utility.Log.info(Log.java:11)
	at com.hrms.utility.Log.info(Log.java:11)
	at com.hrms.utility.Log.info(Log.java:11)
	at com.hrms.utility.Log.info(Log.java:11)
	at com.hrms.utility.Log.info(Log.java:11)
	at com.hrms.utility.Log.info(Log.java:11)
	at com.hrms.utility.Log.info(Log.java:11)
	at com.hrms.utility.Log.info(Log.java:11)
	at com.hrms.utility.Log.info(Log.java:11)
	at com.hrms.utility.Log.info(Log.java:11)
	at com.hrms.utility.Log.info(Log.java:11)
	at com.hrms.utility.Log.info(Log.java:11)
	at com.hrms.utility.Log.info(Log.java:11)
	at com.hrms.utility.Log.info(Log.java:11)
	at com.hrms.utility.Log.info(Log.java:11)
	at com.hrms.utility.Log.info(Log.java:11)
	at com.hrms.utility.Log.info(Log.java:11)
	at com.hrms.utility.Log.info(Log.java:11)
	at com.hrms.utility.Log.info(Log.java:11)
	at com.hrms.utility.Log.info(Log.java:11)
	at com.hrms.utility.Log.info(Log.java:11)
	at com.hrms.utility.Log.info(Log.java:11)
	at com.hrms.utility.Log.info(Log.java:11)
	at com.hrms.utility.Log.info(Log.java:11)
	at com.hrms.utility.Log.info(Log.java:11)
	at com.hrms.utility.Log.info(Log.java:11)
	at com.hrms.utility.Log.info(Log.java:11)
	at com.hrms.utility.Log.info(Log.java:11)
	at com.hrms.utility.Log.info(Log.java:11)
	at com.hrms.utility.Log.info(Log.java:11)
	at com.hrms.utility.Log.info(Log.java:11)
	at com.hrms.utility.Log.info(Log.java:11)
	at com.hrms.utility.Log.info(Log.java:11)
	at com.hrms.utility.Log.info(Log.java:11)
	at com.hrms.utility.Log.info(Log.java:11)
	at com.hrms.utility.Log.info(Log.java:11)
	at com.hrms.utility.Log.info(Log.java:11)
	at com.hrms.utility.Log.info(Log.java:11)
	at com.hrms.utility.Log.info(Log.java:11)
	at com.hrms.utility.Log.info(Log.java:11)
	at com.hrms.utility.Log.info(Log.java:11)
	at com.hrms.utility.Log.info(Log.java:11)
	at com.hrms.utility.Log.info(Log.java:11)
	at com.hrms.utility.Log.info(Log.java:11)
	at com.hrms.utility.Log.info(Log.java:11)
	at com.hrms.utility.Log.info(Log.java:11)
	at com.hrms.utility.Log.info(Log.java:11)
	at com.hrms.utility.Log.info(Log.java:11)
	at com.hrms.utility.Log.info(Log.java:11)
	at com.hrms.utility.Log.info(Log.java:11)
	at com.hrms.utility.Log.info(Log.java:11)
	at com.hrms.utility.Log.info(Log.java:11)
	at com.hrms.utility.Log.info(Log.java:11)
	at com.hrms.utility.Log.info(Log.java:11)
	at com.hrms.utility.Log.info(Log.java:11)
	at com.hrms.utility.Log.info(Log.java:11)
	at com.hrms.utility.Log.info(Log.java:11)
	at com.hrms.utility.Log.info(Log.java:11)
	at com.hrms.utility.Log.info(Log.java:11)
	at com.hrms.utility.Log.info(Log.java:11)
	at com.hrms.utility.Log.info(Log.java:11)
	at com.hrms.utility.Log.info(Log.java:11)
	at com.hrms.utility.Log.info(Log.java:11)
	at com.hrms.utility.Log.info(Log.java:11)
	at com.hrms.utility.Log.info(Log.java:11)
	at com.hrms.utility.Log.info(Log.java:11)
	at com.hrms.utility.Log.info(Log.java:11)
	at com.hrms.utility.Log.info(Log.java:11)
	at com.hrms.utility.Log.info(Log.java:11)
	at com.hrms.utility.Log.info(Log.java:11)
	at com.hrms.utility.Log.info(Log.java:11)
	at com.hrms.utility.Log.info(Log.java:11)
	at com.hrms.utility.Log.info(Log.java:11)
	at com.hrms.utility.Log.info(Log.java:11)
	at com.hrms.utility.Log.info(Log.java:11)
	at com.hrms.utility.Log.info(Log.java:11)
	at com.hrms.utility.Log.info(Log.java:11)
	at com.hrms.utility.Log.info(Log.java:11)
	at com.hrms.utility.Log.info(Log.java:11)
	at com.hrms.utility.Log.info(Log.java:11)
	at com.hrms.utility.Log.info(Log.java:11)
	at com.hrms.utility.Log.info(Log.java:11)
	at com.hrms.utility.Log.info(Log.java:11)
	at com.hrms.utility.Log.info(Log.java:11)
	at com.hrms.utility.Log.info(Log.java:11)
	at com.hrms.utility.Log.info(Log.java:11)
	at com.hrms.utility.Log.info(Log.java:11)
	at com.hrms.utility.Log.info(Log.java:11)
	at com.hrms.utility.Log.info(Log.java:11)
	at com.hrms.utility.Log.info(Log.java:11)
	at com.hrms.utility.Log.info(Log.java:11)
	at com.hrms.utility.Log.info(Log.java:11)
	at com.hrms.utility.Log.info(Log.java:11)
	at com.hrms.utility.Log.info(Log.java:11)
	at com.hrms.utility.Log.info(Log.java:11)
	at com.hrms.utility.Log.info(Log.java:11)
	at com.hrms.utility.Log.info(Log.java:11)
	at com.hrms.utility.Log.info(Log.java:11)
	at com.hrms.utility.Log.info(Log.java:11)
	at com.hrms.utility.Log.info(Log.java:11)
	at com.hrms.utility.Log.info(Log.java:11)
	at com.hrms.utility.Log.info(Log.java:11)
	at com.hrms.utility.Log.info(Log.java:11)
	at com.hrms.utility.Log.info(Log.java:11)
	at com.hrms.utility.Log.info(Log.java:11)
	at com.hrms.utility.Log.info(Log.java:11)
	at com.hrms.utility.Log.info(Log.java:11)
	at com.hrms.utility.Log.info(Log.java:11)
	at com.hrms.utility.Log.info(Log.java:11)
	at com.hrms.utility.Log.info(Log.java:11)
	at com.hrms.utility.Log.info(Log.java:11)
	at com.hrms.utility.Log.info(Log.java:11)
	at com.hrms.utility.Log.info(Log.java:11)
	at com.hrms.utility.Log.info(Log.java:11)
	at com.hrms.utility.Log.info(Log.java:11)
	at com.hrms.utility.Log.info(Log.java:11)
	at com.hrms.utility.Log.info(Log.java:11)
	at com.hrms.utility.Log.info(Log.java:11)
	at com.hrms.utility.Log.info(Log.java:11)
	at com.hrms.utility.Log.info(Log.java:11)
	at com.hrms.utility.Log.info(Log.java:11)
	at com.hrms.utility.Log.info(Log.java:11)
	at com.hrms.utility.Log.info(Log.java:11)
	at com.hrms.utility.Log.info(Log.java:11)
	at com.hrms.utility.Log.info(Log.java:11)
	at com.hrms.utility.Log.info(Log.java:11)
	at com.hrms.utility.Log.info(Log.java:11)
	at com.hrms.utility.Log.info(Log.java:11)
	at com.hrms.utility.Log.info(Log.java:11)
	at com.hrms.utility.Log.info(Log.java:11)
	at com.hrms.utility.Log.info(Log.java:11)
	at com.hrms.utility.Log.info(Log.java:11)
	at com.hrms.utility.Log.info(Log.java:11)
	at com.hrms.utility.Log.info(Log.java:11)
	at com.hrms.utility.Log.info(Log.java:11)
	at com.hrms.utility.Log.info(Log.java:11)
	at com.hrms.utility.Log.info(Log.java:11)
	at com.hrms.utility.Log.info(Log.java:11)
	at com.hrms.utility.Log.info(Log.java:11)
	at com.hrms.utility.Log.info(Log.java:11)
	at com.hrms.utility.Log.info(Log.java:11)
	at com.hrms.utility.Log.info(Log.java:11)
	at com.hrms.utility.Log.info(Log.java:11)
	at com.hrms.utility.Log.info(Log.java:11)
	at com.hrms.utility.Log.info(Log.java:11)
	at com.hrms.utility.Log.info(Log.java:11)
	at com.hrms.utility.Log.info(Log.java:11)
	at com.hrms.utility.Log.info(Log.java:11)
	at com.hrms.utility.Log.info(Log.java:11)
	at com.hrms.utility.Log.info(Log.java:11)
	at com.hrms.utility.Log.info(Log.java:11)
	at com.hrms.utility.Log.info(Log.java:11)
	at com.hrms.utility.Log.info(Log.java:11)
	at com.hrms.utility.Log.info(Log.java:11)
	at com.hrms.utility.Log.info(Log.java:11)
	at com.hrms.utility.Log.info(Log.java:11)
	at com.hrms.utility.Log.info(Log.java:11)
	at com.hrms.utility.Log.info(Log.java:11)
	at com.hrms.utility.Log.info(Log.java:11)
	at com.hrms.utility.Log.info(Log.java:11)
	at com.hrms.utility.Log.info(Log.java:11)
	at com.hrms.utility.Log.info(Log.java:11)
	at com.hrms.utility.Log.info(Log.java:11)
	at com.hrms.utility.Log.info(Log.java:11)
	at com.hrms.utility.Log.info(Log.java:11)
	at com.hrms.utility.Log.info(Log.java:11)
	at com.hrms.utility.Log.info(Log.java:11)
	at com.hrms.utility.Log.info(Log.java:11)
	at com.hrms.utility.Log.info(Log.java:11)
	at com.hrms.utility.Log.info(Log.java:11)
	at com.hrms.utility.Log.info(Log.java:11)
	at com.hrms.utility.Log.info(Log.java:11)
	at com.hrms.utility.Log.info(Log.java:11)
	at com.hrms.utility.Log.info(Log.java:11)
	at com.hrms.utility.Log.info(Log.java:11)
	at com.hrms.utility.Log.info(Log.java:11)
	at com.hrms.utility.Log.info(Log.java:11)
	at com.hrms.utility.Log.info(Log.java:11)
	at com.hrms.utility.Log.info(Log.java:11)
	at com.hrms.utility.Log.info(Log.java:11)
	at com.hrms.utility.Log.info(Log.java:11)
	at com.hrms.utility.Log.info(Log.java:11)
	at com.hrms.utility.Log.info(Log.java:11)
	at com.hrms.utility.Log.info(Log.java:11)
	at com.hrms.utility.Log.info(Log.java:11)
	at com.hrms.utility.Log.info(Log.java:11)
	at com.hrms.utility.Log.info(Log.java:11)
	at com.hrms.utility.Log.info(Log.java:11)
	at com.hrms.utility.Log.info(Log.java:11)
	at com.hrms.utility.Log.info(Log.java:11)
	at com.hrms.utility.Log.info(Log.java:11)
	at com.hrms.utility.Log.info(Log.java:11)
	at com.hrms.utility.Log.info(Log.java:11)
	at com.hrms.utility.Log.info(Log.java:11)
	at com.hrms.utility.Log.info(Log.java:11)
	at com.hrms.utility.Log.info(Log.java:11)
	at com.hrms.utility.Log.info(Log.java:11)
	at com.hrms.utility.Log.info(Log.java:11)
	at com.hrms.utility.Log.info(Log.java:11)
	at com.hrms.utility.Log.info(Log.java:11)
	at com.hrms.utility.Log.info(Log.java:11)
	at com.hrms.utility.Log.info(Log.java:11)
	at com.hrms.utility.Log.info(Log.java:11)
	at com.hrms.utility.Log.info(Log.java:11)
	at com.hrms.utility.Log.info(Log.java:11)
	at com.hrms.utility.Log.info(Log.java:11)
	at com.hrms.utility.Log.info(Log.java:11)
	at com.hrms.utility.Log.info(Log.java:11)
	at com.hrms.utility.Log.info(Log.java:11)
	at com.hrms.utility.Log.info(Log.java:11)
	at com.hrms.utility.Log.info(Log.java:11)
	at com.hrms.utility.Log.info(Log.java:11)
	at com.hrms.utility.Log.info(Log.java:11)
	at com.hrms.utility.Log.info(Log.java:11)
	at com.hrms.utility.Log.info(Log.java:11)
	at com.hrms.utility.Log.info(Log.java:11)
	at com.hrms.utility.Log.info(Log.java:11)
	at com.hrms.utility.Log.info(Log.java:11)
	at com.hrms.utility.Log.info(Log.java:11)
	at com.hrms.utility.Log.info(Log.java:11)
	at com.hrms.utility.Log.info(Log.java:11)
	at com.hrms.utility.Log.info(Log.java:11)
	at com.hrms.utility.Log.info(Log.java:11)
	at com.hrms.utility.Log.info(Log.java:11)
	at com.hrms.utility.Log.info(Log.java:11)
	at com.hrms.utility.Log.info(Log.java:11)
	at com.hrms.utility.Log.info(Log.java:11)
	at com.hrms.utility.Log.info(Log.java:11)
	at com.hrms.utility.Log.info(Log.java:11)
	at com.hrms.utility.Log.info(Log.java:11)
	at com.hrms.utility.Log.info(Log.java:11)
	at com.hrms.utility.Log.info(Log.java:11)
	at com.hrms.utility.Log.info(Log.java:11)
	at com.hrms.utility.Log.info(Log.java:11)
	at com.hrms.utility.Log.info(Log.java:11)
	at com.hrms.utility.Log.info(Log.java:11)
	at com.hrms.utility.Log.info(Log.java:11)
	at com.hrms.utility.Log.info(Log.java:11)
	at com.hrms.utility.Log.info(Log.java:11)
	at com.hrms.utility.Log.info(Log.java:11)
	at com.hrms.utility.Log.info(Log.java:11)
	at com.hrms.utility.Log.info(Log.java:11)
	at com.hrms.utility.Log.info(Log.java:11)
	at com.hrms.utility.Log.info(Log.java:11)
	at com.hrms.utility.Log.info(Log.java:11)
	at com.hrms.utility.Log.info(Log.java:11)
	at com.hrms.utility.Log.info(Log.java:11)
	at com.hrms.utility.Log.info(Log.java:11)
	at com.hrms.utility.Log.info(Log.java:11)
	at com.hrms.utility.Log.info(Log.java:11)
	at com.hrms.utility.Log.info(Log.java:11)
	at com.hrms.utility.Log.info(Log.java:11)
	at com.hrms.utility.Log.info(Log.java:11)
	at com.hrms.utility.Log.info(Log.java:11)
	at com.hrms.utility.Log.info(Log.java:11)
	at com.hrms.utility.Log.info(Log.java:11)
	at com.hrms.utility.Log.info(Log.java:11)
	at com.hrms.utility.Log.info(Log.java:11)
	at com.hrms.utility.Log.info(Log.java:11)
	at com.hrms.utility.Log.info(Log.java:11)
	at com.hrms.utility.Log.info(Log.java:11)
	at com.hrms.utility.Log.info(Log.java:11)
	at com.hrms.utility.Log.info(Log.java:11)
	at com.hrms.utility.Log.info(Log.java:11)
	at com.hrms.utility.Log.info(Log.java:11)
	at com.hrms.utility.Log.info(Log.java:11)
	at com.hrms.utility.Log.info(Log.java:11)
	at com.hrms.utility.Log.info(Log.java:11)
	at com.hrms.utility.Log.info(Log.java:11)
	at com.hrms.utility.Log.info(Log.java:11)
	at com.hrms.utility.Log.info(Log.java:11)
	at com.hrms.utility.Log.info(Log.java:11)
	at com.hrms.utility.Log.info(Log.java:11)
	at com.hrms.utility.Log.info(Log.java:11)
	at com.hrms.utility.Log.info(Log.java:11)
	at com.hrms.utility.Log.info(Log.java:11)
	at com.hrms.utility.Log.info(Log.java:11)
	at com.hrms.utility.Log.info(Log.java:11)
	at com.hrms.utility.Log.info(Log.java:11)
	at com.hrms.utility.Log.info(Log.java:11)
	at com.hrms.utility.Log.info(Log.java:11)
	at com.hrms.utility.Log.info(Log.java:11)
	at com.hrms.utility.Log.info(Log.java:11)
	at com.hrms.utility.Log.info(Log.java:11)
	at com.hrms.utility.Log.info(Log.java:11)
	at com.hrms.utility.Log.info(Log.java:11)
	at com.hrms.utility.Log.info(Log.java:11)
	at com.hrms.utility.Log.info(Log.java:11)
	at com.hrms.utility.Log.info(Log.java:11)
	at com.hrms.utility.Log.info(Log.java:11)
	at com.hrms.utility.Log.info(Log.java:11)
	at com.hrms.utility.Log.info(Log.java:11)
	at com.hrms.utility.Log.info(Log.java:11)
	at com.hrms.utility.Log.info(Log.java:11)
	at com.hrms.utility.Log.info(Log.java:11)
	at com.hrms.utility.Log.info(Log.java:11)
	at com.hrms.utility.Log.info(Log.java:11)
	at com.hrms.utility.Log.info(Log.java:11)
	at com.hrms.utility.Log.info(Log.java:11)
	at com.hrms.utility.Log.info(Log.java:11)
	at com.hrms.utility.Log.info(Log.java:11)
	at com.hrms.utility.Log.info(Log.java:11)
	at com.hrms.utility.Log.info(Log.java:11)
	at com.hrms.utility.Log.info(Log.java:11)
	at com.hrms.utility.Log.info(Log.java:11)
	at com.hrms.utility.Log.info(Log.java:11)
	at com.hrms.utility.Log.info(Log.java:11)
	at com.hrms.utility.Log.info(Log.java:11)
	at com.hrms.utility.Log.info(Log.java:11)
	at com.hrms.utility.Log.info(Log.java:11)
	at com.hrms.utility.Log.info(Log.java:11)
	at com.hrms.utility.Log.info(Log.java:11)
	at com.hrms.utility.Log.info(Log.java:11)
	at com.hrms.utility.Log.info(Log.java:11)
	at com.hrms.utility.Log.info(Log.java:11)
	at com.hrms.utility.Log.info(Log.java:11)
	at com.hrms.utility.Log.info(Log.java:11)
	at com.hrms.utility.Log.info(Log.java:11)
	at com.hrms.utility.Log.info(Log.java:11)
	at com.hrms.utility.Log.info(Log.java:11)
	at com.hrms.utility.Log.info(Log.java:11)
]]>
    </failure>
  </testcase> <!-- tc002 -->
</testsuite> <!-- com.hrms.testscripts -->
